27217
27217
454393
27217
446169
303817
454393
674881
454393
454393
839081
839081
9
180795
674881
898505
17
21
15
102962
658769
9
82993
453977
180795
898505
785221
172817
60062
311109
20
180795
362220
9
384009
665393
547441
71930
153609
839081
384009
30
82993
674881
16
82993
180795
46
898505
629321
362220
32
362220
795991
29
10
783227
789441
795991
13
571257
898505
977329
28
674881
12
25
60062
898505
723073
338017
445564
987057
784638
102962
58121
9
784638
462941
353209
6
3711
153609
202703
292257
783227
770643
546105
996284
784638
34
40
31
202703
21
549706
789441
9
273567
904015
629321
279961
904015
201105
864785
68
895309
3
718709
629321
273567
620273
789441
359529
766017
19
901263
209841
864785
304199
122305
16
549706
292257
292257
706640
353209
629321
213767
233057
965816
805345
550935
286417
665393
757809
202703
1
62
251521
189955
18033
147809
85
431881
504275
549706
994073
45
314837
319253
125
550935
607089
52
445905
825008
91
18489
570113
79
391297
335461
138
44993
28
286417
39425
453977
749889
779137
286417
784638
913373
904015
689809
259649
133
972105
129
384009
422901
524669
375721
73
233057
608769
147809
620273
789017
292257
159
561193
79
570113
18993
168703
224991
36
805345
384009
723073
321025
453977
72
335461
176175
965816
131
462941
91
744968
9109
184977
335461
158745
913373
39
966777
304199
272929
375721
189
477193
577003
132
224817
384630
941681
392735
102041
362220
343661
72773
422901
20289
450745
392005
738639
112
300133
73
14
147809
73825
14
491937
300133
690153
5
29
209841
895309
75
273567
53
259649
163369
137
974037
987057
495121
155
517117
864447
462941
343661
192
153609
22529
59
229
849637
993979
482433
773605
743745
637902
319253
143132
893185
147305
163369
635406
961315
82
1
503017
50
234
399376
766017
42
744968
343661
145
864447
285377
197
500461
686573
665393
271
706640
913373
658769
570113
73281
20289
787713
178555
147809
571649
809577
853793
81473
490141
635406
380286
82993
439883
272929
124
9109
527745
274
722263
206
375713
268
457742
849637
925697
147809
281
812094
431881
269
284
524669
63
839081
72
83
573296
834705
327421
185277
30
537217
915809
699466
665321
172179
224817
72
207
766017
577003
339857
425857
469175
834705
96044
370540
321025
75
431881
336045
292257
977199
130
635406
65
355425
724673
202915
18993
397651
1
839081
341599
735785
277477
923407
86405
845145
26999
783105
254
868582
118
643484
749889
168001
665393
21
853793
34
520081
67969
813309
226
96044
275
931473
355425
574785
817921
737685
806217
195
370540
33
1
327421
72773
849637
263
300133
556793
443841
26999
108993
224991
834705
265011
11
455489
359
836581
836417
495121
610113
539039
615681
718106
250251
168001
933969
118
954225
370540
307
881457
158745
211
60111
443841
775520
706640
200689
431131
183405
1
596857
123
623934
285377
737602
35
507803
180682
300133
46825
689809
209841
623934
118113
785591
32
35341
8693
315529
12801
360709
291
451009
718106
706640
573805
392
781181
537217
103
435
453977
546105
12801
422337
895593
313
134
43
183691
900147
764221
431131
621457
570113
97
728837
343317
183
829633
357
166
392735
233057
438952
635406
941681
18993
749889
185877
36
256
602967
82993
282945
504865
906102
324
304
259
757321
129
323
179561
72033
722263
836707
849637
76
357
425857
749889
587994
983753
959257
859141
749889
321025
438
328
179561
174
339857
324
484
829633
475
355425
382
86405
168001
467
515317
18993
295
259
550935
576801
740929
75649
443841
481050
488169
495121
46825
865913
422901
943745
83234
250251
707089
300133
245605
800983
425857
906102
49
393
380
900147
479153
186313
960929
586721
21409
941681
494
280505
392735
196857
343374
570113
735785
859141
168273
136
756045
323329
179561
261
483
8693
481
314633
128
318305
954225
246465
334065
474
451009
469175
991725
519715
462941
232
357998
321025
111
152221
806217
993979
787713
351200
565134
49
899873
183691
318305
418
327
550935
584577
203
949945
362220
400
180682
142
427
839081
845145
462941
81905
451009
279737
931473
555617
295
828529
761081
262377
26999
238977
86405
56
379671
67
362220
157346
602967
988697
250251
43
575
668145
45963
282814
901263
823681
621457
422721
203122
120
926225
204
180682
527
507803
420637
127
398
866549
865729
26999
556753
709453
420637
168
602
783105
794273
722263
665321
723073
507803
149
898505
494
8
474695
711073
375721
758285
507803
230465
615
126
282
341049
246465
140801
425857
915809
753505
209841
460
516
288
450745
203916
663145
674113
786959
703461
577003
228
565134
764221
490555
836817
903798
273441
871809
490555
468471
408861
657
599085
419033
997251
51265
172179
184277
774405
496
575131
377
694
229441
343985
249
461
50753
749889
843649
233465
481050
91575
72181
955763
7
258249
282814
443841
586
471237
863233
168703
734937
286417
684641
824705
546105
39425
812857
343374
690153
567
543749
114401
806453
54
949671
567
119
714111
444570
547
595769
725231
529323
366037
172179
810331
593985
552541
740
573633
745169
176175
800983
742
121575
147809
163369
430273
114401
773605
818177
99079
862987
380286
466497
439883
123864
520081
634
829633
558281
195
14081
286417
771
829633
753
261248
961931
384630
887821
307309
530
83385
165976
246465
678
777
812094
118113
185877
542462
662
118113
446737
444
699889
255
792
85
196857
174919
555209
448101
722263
174919
509591
372
136
278257
321033
629951
737173
954845
76611
601
707
552541
737541
775520
288
280505
313157
56166
67969
272929
123837
626
330093
268
230417
635
443841
391
654
509130
781734
48892
269937
550935
137329
516871
72773
95
599165
935451
641870
657435
188153
247290
289
228525
185
219
26
231
645330
14
190
814
148657
464313
785197
531398
811387
668
641870
809577
624
965377
315529
692865
788097
448101
735
443203
710445
623
278257
74828
70673
190009
304001
862987
270
620
913348
448073
171649
330093
798
773605
425799
781
147809
737173
930161
610113
945
128737
949671
901913
655
534657
801
531398
67969
469
341217
150
575131
861471
465833
160445
429
36
460
342
436580
747
81985
14081
278257
90122
737541
359873
278257
518555
425799
700
238977
643441
920417
327067
469
732993
126689
96641
267
109203
638121
163369
192433
745953
685991
57
949047
379671
861471
245605
843649
248339
507
817
895309
88591
474865
384630
171
567543
519715
67969
143387
702
618
869485
967535
898
537217
592751
990641
579332
206
366037
218
909619
496
658
155457
1017
836545
422901
122179
909619
51265
609
781181
414603
974739
784638
111
374417
846105
800273
438952
1028
214512
186539
699889
907723
1008
434
995
352417
422647
906056
841421
877
224991
304241
443841
706126
917
269
48641
828529
865729
716249
948357
421
634225
333521
303560
533521
641870
76609
360985
565007
533697
573
756045
166145
645573
60111
399376
250251
900
689281
197908
859
142329
44353
417
745617
846105
474695
49198
626
125
709483
267960
964961
332379
755
408
135485
110391
761
762497
767
749441
631637
1005
393
714111
954021
566
392677
359251
657
697
794273
871
631291
489009
635697
568505
632
270
122049
347455
513733
887
718481
416
123864
517412
1004
226853
206017
340
121
694145
200689
280505
894529
896809
372841
881
286417
374417
422337
585597
388
516871
65473
322
44993
645573
478849
535593
266913
775
738445
286417
580377
488449
123579
719
71
450745
841421
860
1040
200689
935451
985
822102
195
345119
392961
511085
865729
980081
754
687
614785
1178
14
307309
538
318837
358
615681
927961
1077
329665
502377
101901
52
419033
963
443203
794
285305
555209
97
542669
176175
61
361
56865
148657
397
54977
650729
128737
977221
408257
658769
139
380286
821039
749
496401
935451
836545
473329
216687
613596
813937
230167
391297
476659
666125
876577
10
21
928
821039
294273
399703
898505
477941
312
722263
181883
387921
436577
638121
529323
751
342
556753
887821
979
330093
734937
860
431
411721
165976
878371
949
987105
411285
79297
188153
261
249
117
882977
841
664
886
1177
984
631637
481050
1120
502377
609713
286417
751
133757
797777
187
742913
893185
143387
392677
114401
585597
34450
149
76833
718
333
757321
1000
470737
466497
152823
192433
103734
800273
599165
286417
23209
110
482497
539729
610954
819361
1057
667133
730049
149252
1110
652817
244545
322526
229441
699697
804
667
504873
47904
784638
531783
672997
397651
258249
344
326287
535249
742624
183489
152823
351275
974739
62201
162353
502
974739
272
571941
442333
15
599393
606547
887725
229713
960929
528155
280
764565
359541
812653
245605
437533
933270
300673
40300
759919
460029
935451
481050
1090
340953
690153
384699
249241
380088
437533
529323
872885
266913
1334
161831
89192
44993
846607
470737
579332
815809
625939
168001
594
425799
918654
732993
564041
129
185653
638121
70143
606547
60
397
707089
442333
924187
980
455
744353
460029
652817
438617
398947
613099
53343
9109
104863
392735
826433
990641
927773
984901
971225
383687
555209
921655
629325
925697
109203
131485
686
464
151
431
343
98
35341
148657
315855
535249
714493
698483
500261
375713
874945
248339
320517
1380
83234
341
453201
728837
73281
314633
82993
214512
57876
600449
43454
957648
872089
29211
812
575969
540
290945
234241
555209
634053
262
568432
1246
869
900785
590337
391297
725231
216687
893185
277441
1237
422
108891
517412
570003
307699
602073
409
585597
249241
399376
620537
178369
343317
988993
614785
1196
397651
530065
770313
321033
238977
647105
140497
574
619729
977874
376
609
739
908
179561
500443
933
955763
599149
939
698232
24433
839081
685991
602967
1343
973
546
850473
961121
525357
1029
936513
702841
907873
978305
229832
548121
784638
346279
586721
339857
418817
1498
498
280505
137045
788097
298604
792897
1368
683583
809
214512
433241
254
625939
98037
872089
216687
405713
56166
380286
528
641870
718106
105
160445
272485
666
555209
113789
1084
223665
502377
787025
800105
365025
23
1081
333
110391
737265
977874
425799
956025
308
861633
186473
853981
418170
609
1437
846105
216687
784352
1434
854737
570003
458
1567
153815
702841
490555
626161
21357
734937
402523
609713
200033
184417
75809
33
95527
932445
824705
519715
304
294563
184630
425153
43454
510201
94005
184
300273
204927
531783
458080
952377
404261
610954
723
724673
15304
334065
1612
861633
933270
899873
951
699245
840017
113789
967041
237457
745617
1056
861921
73
291
35425
292
590337
823
1010
656811
105353
728837
279549
184417
612813
113789
262377
1459
78499
643484
8693
533697
65913
788097
431131
62201
172429
451793
255041
840017
960929
526993
335
174919
81985
344673
200033
552541
874009
342225
1351
722961
530345
490
464
1387
49198
622849
497033
1317
728837
295301
1392
94265
103
577003
929801
450745
588841
935081
836
455519
347649
613
872089
618553
12769
304
603553
509897
154925
288769
631619
106435
993621
913348
555209
751297
863
547
695
460802
382345
387
1433
879811
808911
565885
411721
999617
623130
595769
1572
110391
42887
352417
1229
868573
966
812857
145969
886181
1554
789017
825921
194209
434887
1309
207906
436
542462
1216
267960
839081
675
723717
310195
298604
800273
174919
938625
869485
913659
558737
476
102
895751
573921
1097
154925
923437
908
1124
671
897265
34450
384699
760
516871
138369
32
712289
948357
460
193403
872089
185041
25
906215
980696
361
404
38089
402421
475
384699
557229
894529
544049
990641
911197
134013
766
484819
1
940073
556753
320009
123864
246959
578
1603
643735
340953
36889
88321
80
543749
804441
189
837697
157346
1817
535593
1542
523842
1233
596
852737
464313
188153
628977
1534
169573
579332
852737
184277
503749
388085
428
1614
694145
1677
810331
451009
842753
915809
563881
11937
852
455153
1078
81985
615227
517855
871809
106819
1306
565885
1169
54977
1063
863233
548121
571941
1508
419867
345633
795196
1030
985537
148657
128455
302
859141
366037
972385
282814
500261
138369
435
770049
875541
1031
147809
131485
556753
119493
1210
418170
850473
511121
767145
173745
166145
479781
573921
538861
649002
905
295301
671
448101
807646
163105
113
324448
357998
483404
139585
1313
645573
693
656
477
230829
1180
166145
729
570113
766017
160
1554
905153
474865
626161
859041
525
839809
886
861665
197
562225
893185
1323
970171
1602
143942
817
268018
588505
836861
480227
140801
678193
1487
872089
175035
763521
406
63909
907723
1707
321507
1572
961121
949671
983157
657003
556785
58881
829953
149252
451
546105
128455
679101
200033
815809
44993
556753
757253
1293
88321
878197
53
818973
495001
902373
225185
883145
724
829633
441
154925
521841
515317
796265
256
293
672
255041
1396
250251
25937
147305
407
557993
1380
732805
15681
520489
595769
470737
898505
1655
305677
1532
185067
436580
1442
722961
161643
642821
861633
913373
817137
841421
683583
921655
966045
1665
903798
684665
753
1278
468273
699889
830529
513633
82993
438653
327067
800273
666125
846
688945
1220
338525
642821
434887
595
916385
842753
1286
904417
977749
306
1531
687933
861719
182
907154
1845
751617
1737
610517
709483
687
965
245605
834771
391297
1811
1513
27875
413737
306
358
1463
272485
1947
829585
157346
569081
838619
997521
926
927961
181883
240
793657
311
590717
323329
126689
824871
75809
551809
704
773605
839965
195821
288769
895309
183691
1475
775520
143576
349371
220449
971225
806037
989565
517777
346619
1
482
571777
70143
1
318837
575587
772323
356673
360330
566081
567543
692865
77227
496545
630649
906215
165693
506313
271
1834
265945
836861
470205
363737
533521
821039
138753
185569
1327
500261
129827
1103
123579
617666
58881
230209
2087
563
648863
385
924187
575131
717453
329665
184417
1674
296257
815809
431131
980696
423621
179673
933316
993621
651693
510201
497
728113
488841
382257
814
608441
592001
927057
104863
9985
151025
238977
763521
1737
985537
242
137647
193403
293665
140497
374417
738335
915809
220641
1388
595769
553313
29
697
1294
106767
382513
906215
572633
919
922
836
96641
203801
561237
343097
1345
189835
610517
20451
517777
778483
349371
3217
618
931473
383687
461241
2015
899873
590717
1092
622042
282814
238481
989185
755920
593971
628
623564
485
339
157697
980081
869657
299035
973737
564
619473
292257
312696
130000
1412
825514
486873
391297
152823
1825
276
871897
377959
204
220840
1594
65473
1389
177141
513733
260481
459827
891531
737
807169
149249
362
391297
1219
297161
661529
860010
730359
531089
460461
672155
255065
835085
536553
704849
863553
113789
204505
746309
200329
402177
1041
464631
251553
206244
244987
344673
633021
397953
1187
192433
514721
781569
1793
943745
1086
1928
915809
450
285625
466497
229441
914
837697
289445
268
2001
1563
88801
868705
92001
434887
536
550935
635869
338727
940073
784352
587681
987515
959257
647105
2283
907
974739
664257
320382
977749
797661
253297
573704
931801
1957
701097
63909
1212
895
889393
60989
401253
800105
741937
911
837437
295761
65811
882257
288058
538861
1285
492137
345119
1110
284225
964961
604637
800273
810331
913969
206529
502219
223493
939981
780273
554545
626161
521
2288
791489
221
1730
351334
1
139
340953
1583
1992
557993
1250
1776
275869
771137
1978
2182
1883
964961
205407
212865
707089
301595
576801
874753
821023
13185
307309
881371
763521
566
805
649329
457742
1981
218
359
1709
653
1117
1171
874677
803085
928
700225
389915
344673
542
710445
779121
876786
872675
1319
724001
313157
348292
581297
450369
2276
918654
991009
969409
704849
542
827971
310
913373
328203
781181
232007
195313
707653
785591
468273
399376
545457
352513
1406
2018
966463
327645
211809
897
2202
148199
2356
1043
663047
823345
384209
686384
2052
511121
1994
1955
722961
53
266913
1935
352417
989185
116433
785591
577003
666125
892941
1181
358481
907723
518289
608441
585161
1251
1541
628977
663047
287585
923017
355309
1277
346619
2465
517340
1841
431881
809489
513733
872587
387443
761985
2143
68523
622849
672001
836261
893185
465881
843581
718465
2500
379014
52569
469738
726796
325893
640285
503
920899
853153
861
134939
612813
1155
961121
839081
545457
1672
394453
44993
1168
1551
1973
208257
833
44545
439041
913659
9985
664577
85905
225217
2339
526
914813
336765
136283
363737
436
662921
22597
732645
491809
986477
1662
692316
759377
185569
987515
212999
1438
918
934753
379077
478753
713
609297
2343
617593
773666
320382
153281
66361
499639
42887
876786
565134
233
894
820161
309426
1003
25463
1341
490769
803085
979239
469256
880505
414392
137901
804552
586637
985537
854737
738360
74828
1384
115943
1588
2181
1012
572633
398
343489
586637
2378
42887
82993
1990
1083
246465
260481
1912
500446
438653
636041
197591
883953
600449
1286
362561
427321
232471
468273
588185
765
643735
163369
926
562021
285733
744261
139585
166
533020
942193
897265
2187
2555
445681
911
108109
153281
411521
107993
206529
388085
704269
731988
509206
669
216919
771570
325265
938625
868705
1130
394737
168273
346279
241675
501613
95527
576153
958105
879837
612379
827
884593
853981
678901
125534
56501
1706
1597
538001
347
292257
101
132081
594705
1403
938785
331
303315
170890
638
467361
299035
797661
464809
821
270613
1504
824871
835366
394453
123864
141
85029
131485
808911
1408
457409
609503
526337
1533
651225
1805
2496
761481
904011
1057
786
402
1108
925976
612379
147009
672997
789277
666113
569973
891531
196245
326593
910177
691
964453
651225
488841
1209
161831
648863
1708
772323
903
966777
74209
1063
1713
183777
502222
85029
897
942873
301595
512417
66909
970
1004
340
949660
761081
404866
624295
2150
911601
402421
64541
171649
452814
570113
228
358217
186313
667417
749441
325893
347361
286417
586
1001
818589
1376
918529
2592
643484
62201
178281
583
957648
17929
553313
111067
87041
582
143942
1820
128455
377959
265011
2302
29437
226031
707089
842753
1617
2607
556753
310771
214
102041
68
1772
641870
2582
809
378
131690
490141
1802
40300
590717
169
833309
193
1224
604637
47133
569081
215833
369237
123337
936533
738335
561797
414167
451155
506965
277251
111269
2106
672997
2358
930865
113921
933561
237121
520677
443
2289
613661
481121
558737
1507
273301
856390
860010
600
1059
1055
718
913373
1961
986417
290809
590337
132065
930097
629951
1117
1819
129281
2432
673415
1340
99079
969409
1066
759853
796066
680257
239751
2704
1048
802173
569081
114401
378
248765
458241
821697
1175
2262
1378
117809
306
2389
732993
368263
105097
2791
723953
259025
638014
609953
334065
102962
631291
950445
787485
776549
159989
843649
357945
427321
597032
145904
804552
312161
271501
415635
884169
623426
235861
77345
321507
481989
90100
600
658017
584436
91188
141569
861007
556785
689809
792752
571441
675169
491937
1624
406859
556785
290945
8
678193
940693
2777
2169
745617
2516
284225
654421
1402
82009
1442
88321
846805
23
208257
122207
517855
959845
814832
173745
815721
155457
787713
913659
1248
266913
628545
2707
197377
738335
841
809729
128289
2589
1956
2957
727
874753
675474
827249
137089
126638
278953
595393
25
2180
932089
617593
369237
927773
69713
691297
170283
796066
283
225359
821697
704849
830529
404866
140
392796
402523
470
803271
820161
806217
1595
476801
443203
5345
972313
249601
952377
2226
144215
2693
374862
596
400449
910
329807
261248
854657
931680
618553
460192
136985
566113
384699
1373
858
852437
1340
719409
895309
1568
82993
630697
619237
1191
15521
605765
20451
47133
974785
447969
19021
999
801369
202
802173
980081
123917
393031
1412
110391
28385
694085
43454
866617
409517
974785
395409
980696
82009
402177
560545
968583
419011
43081
856390
736915
779121
65913
107149
950851
2611
627
871799
809489
2475
136
63909
513009
151919
267960
869195
632281
918225
631867
884593
587381
673858
106533
718709
160
434887
261329
350203
220477
717301
107993
507803
2540
687265
741505
1549
1410
402523
687265
569973
388773
627769
936533
887339
679357
56021
1241
2102
3018
645189
646844
79583
132833
153609
874945
683489
83631
1203
332193
791489
320009
80545
799169
989537
774241
867222
50705
134517
287281
992484
2662
835366
653315
885691
2214
888
2260
350203
577706
925245
367713
964961
217089
791
102962
703453
734761
602393
342
1391
763745
362220
223993
2309
415
64
918529
626161
817914
165693
986477
817
484545
392001
2634
649683
960
341217
817785
231205
802173
939815
890101
982
745169
142527
945297
2929
666519
1598
536
2064
2206
275869
624822
689281
960929
918469
2
168273
1892
927057
1398
315167
3073
343097
402771
161643
549889
2903
317551
593985
935266
742723
686263
426961
296577
631777
160133
979239
1303
422581
562021
824
803085
335925
29437
511121
108481
930
920397
403580
254
928449
1747
69
458241
2029
446
52097
817785
98037
405713
2174
817914
1961
963561
672001
272485
541575
642369
911601
896809
2141
480227
403580
212999
53369
174947
85421
836545
146
736
742
528513
200329
501613
2285
411895
23801
271583
957
345633
1038
1181
645573
178300
1738
585138
2238
2346
452
458241
221089
500773
452
269041
500897
329665
87
273377
1020
934353
44545
1390
148065
641918
84529
518871
1985
699345
145425
62201
653997
304241
611499
812609
871799
565007
226561
991681
580448
267443
809489
2363
136
843
507803
77227
2104
263045
663145
453999
724969
259675
541575
142349
180573
3128
1267
500261
588981
185067
989908
116
699889
987515
909449
26561
159800
2961
64773
788113
1942
447553
753217
687297
530345
798329
375
580033
316471
241675
440242
807713
973049
428457
741997
285625
1119
496809
363
445681
2242
800119
470649
438653
199857
199857
598465
689809
146873
205729
988893
229541
31233
346831
28494
845819
614193
256001
258086
20214
502577
1119
618553
461157
668837
35969
365906
452425
177217
863553
660495
582651
515921
481
41549
716033
593361
55235
683225
903491
650885
699361
721855
875385
312037
1523
996401
993342
2359
851013
815505
658
882081
155105
156149
628977
602967
639697
954845
299
32687
444208
3391
859917
691405
79583
449206
371913
419066
972681
381655
360725
212999
156
179285
2847
768684
576801
597
165693
694881
1104
305009
336
3244
824
831453
65811
725231
546521
58881
128185
876786
2604
2600
116433
488841
404970
367713
796066
641870
620537
941681
927451
131690
1275
73825
275329
572977
803681
631291
326
2021
3473
241675
737169
246669
975345
545457
636237
253136
125767
19025
430817
964
40101
854513
898505
80953
415937
816162
3259
649345
907154
3317
828
883
392969
2407
55235
105629
927831
638121
768091
784638
99079
261445
11489
2442
808001
141845
913373
977199
614193
201608
289445
467034
1533
810331
515159
615681
492627
123864
209993
3179
302033
1800
707777
190
661617
253136
586637
1879
551698
326857
370540
2358
394
227057
158745
967761
66909
1255
692558
702277
3555
735917
609297
583521
891191
425799
958745
515159
355129
931801
336993
3021
2627
957648
370785
346985
248929
822471
2043
857249
408861
836
198
853105
921089
929453
520489
24769
409517
1394
12769
324859
313
682978
448217
519763
198463
243489
373889
42321
262045
723717
827777
3529
305003
153710
991681
490141
225359
744806
3331
580
103734
712727
537733
47437
699601
1117
349887
123917
1995
2896
448561
993556
173745
679785
998841
926457
53369
2750
3383
637649
1955
3296
736641
1043
2058
2752
938
808001
921655
923407
811569
692558
295301
303560
284774
3033
971867
1983
865729
2677
2459
242
528
765453
143576
85029
405502
307769
790327
868705
343757
468835
72793
3252
1579
216269
3005
538172
662704
599141
977773
937811
1865
485051
2156
453393
624385
3668
341803
190009
349377
926457
803271
789601
527228
998585
115329
1667
431217
619473
405713
3293
255065
785577
640497
680257
777751
473038
650885
117537
1824
3279
669897
2912
900513
156250
2994
594337
475789
392735
453201
815505
117809
513633
1420
533633
2716
748932
842137
622661
704821
155299
758285
3286
1765
582
18
2633
917421
819977
42887
565007
430641
790327
2620
905225
3557
275869
64541
2136
977199
262045
101697
781167
907154
959257
852437
939693
2745
305003
187137
3706
284154
665645
207906
846805
1890
233571
336857
769005
1455
3015
572401
310771
371329
979239
409616
739026
196673
641967
290361
3449
569467
515921
971225
457655
916883
2039
534758
3346
179285
2295
574025
737581
220449
2332
178300
169473
285305
325
323413
625537
829953
388773
1213
325893
257225
51265
670189
105857
829953
581193
827633
52569
200329
124033
3454
925245
433801
431364
453777
381
163804
2272
209937
787485
928657
185653
673305
3570
603039
771
109791
3685
561237
95425
235041
235861
2674
661617
530065
348913
2549
667293
918654
892553
328203
920397
238977
293893
477941
976
995845
671575
227899
898505
291977
2276
305277
339857
134517
388085
191249
813937
389915
317505
239751
864401
56865
224929
1571
903485
747137
224337
3045
880933
319601
296473
505729
3061
473038
1684
664783
2626
5825
221357
429492
3150
528513
1086
508701
1348
653027
1835
3119
751589
947074
102041
459905
975885
898505
231205
363649
1393
327645
593049
332193
2274
405011
527641
647
705593
484545
869435
1265
677313
636871
3890
185569
665416
760513
147695
152823
576313
725727
565885
111269
722
24400
787025
696829
45441
780273
2773
535249
866795
1451
553917
677313
28494
869057
814391
879837
342225
355631
2916
