7266
0
4918
471
3227
0
0
0
2916
5560
7535
4134
5089
0
4712
743
10275
20760
1436
24219
0
3583
2126
2983
2349
11810
25116
3909
1636
7366
7509
4569
3916
1782
21396
3578
4839
0
0
5453
9663
7555
0
4514
5448
11444
1694
7661
12344
9489
2391
2316
0
0
9806
7947
980
4773
7661
5420
10376
15706
1410
2734
1281
395
724
7109
9241
145
2405
12359
3766
194
0
0
9126
7087
2821
26623
1428
0
0
0
11480
9351
4285
3046
333
0
13192
7703
0
0
6732
0
2959
1415
10191
0
7812
9219
5814
1134
20011
4507
7249
0
0
3110
7826
0
0
0
0
2523
1082
6316
19039
3128
7590
5298
5978
0
223
21117
0
0
8111
375
0
0
0
2382
17322
4003
0
2950
2894
4759
0
1518
5979
2697
0
8705
8670
4238
8759
16240
0
10978
0
936
13562
13049
8413
0
335
18488
3206
3990
1931
5955
0
0
0
0
0
378
6252
7925
0
0
4704
0
0
6189
2768
1179
476
315
4885
4442
0
5408
2785
2785
2531
4276
10858
0
0
448
327
803
617
0
17177
12407
2172
6815
0
0
6663
7178
9708
634
598
0
0
0
0
0
10416
9636
1281
0
291
2440
64
0
3268
0
13633
487
16045
1623
2364
0
0
0
8033
0
4912
0
3805
5515
0
0
5097
7546
1667
0
1206
13599
1890
0
1353
10918
15422
10556
0
2173
11803
0
3125
9820
0
0
7382
3862
222
274
4448
12932
0
0
4475
3000
6141
3103
5493
11166
23211
0
4522
14506
13368
1259
5075
85
19390
10050
6051
8082
9690
1240
0
0
0
12491
0
0
0
1297
5914
4749
0
9574
4605
19025
9216
20465
11251
7758
0
289
12672
12672
4092
25697
13605
9533
0
0
824
4086
0
1186
5324
690
1252
4663
15002
0
1763
0
1765
0
2520
11384
8702
8639
0
0
0
15527
20647
26288
6029
5105
0
459
0
6614
5242
7003
13443
11141
13954
7548
16781
7108
1670
7319
9179
7426
9260
1872
3284
18309
3419
925
2331
1491
1094
6004
5595
28423
12030
0
5522
0
4542
6540
11756
18352
6531
1803
1429
26072
24947
0
12170
18549
12179
26424
25615
22958
51
6927
1977
1257
7690
20478
8256
6589
15927
13606
14435
10538
166
17693
1903
1224
0
11565
0
6084
2399
0
514
0
0
6939
2673
13697
13330
12350
1760
6952
386
441
5336
5102
1931
7461
169
9032
1588
0
9108
12058
0
13867
51
17334
4011
0
0
0
4474
3959
938
7437
23577
26739
1058
7259
276
7598
7586
8145
6248
8146
418
0
0
0
0
0
0
8787
1762
1549
7193
0
2840
2865
3388
3349
1553
0
6024
5503
5700
1101
0
0
9511
8841
10106
5134
25351
5288
3733
0
6427
2549
8095
0
0
0
0
2814
0
1567
9319
9537
505
1307
1089
7182
2432
22741
4581
1232
1232
6
357
186
0
0
0
5544
16840
20863
327
22597
18095
22669
3766
18724
0
15789
8472
0
6729
4336
10811
498
12894
2949
4771
3283
8020
17338
19049
5853
3762
797
3721
5963
1165
13038
15753
12449
6133
0
1150
0
0
10247
14030
28732
16332
767
26368
12900
18344
17968
9352
3085
10284
13733
8002
6198
20039
8798
2154
3699
10050
186
0
2914
0
0
0
12229
17745
12344
18637
20196
2593
47
404
0
1968
2972
10500
12288
6430
27733
0
0
14517
10193
10227
5489
1087
13083
9585
10319
11197
6313
19084
0
0
1859
1317
5772
0
0
1183
4750
18637
10663
16895
18243
0
392
4198
654
8907
0
0
0
41
0
0
4738
794
3177
14196
0
0
1883
10327
13706
0
0
1455
0
0
895
0
782
4681
1317
2856
5147
6482
0
0
18257
1870
12750
0
0
3004
2477
9088
18111
0
1091
16723
1640
3204
4454
16770
8560
4341
2654
17859
13993
1912
10298
13412
8381
1589
9790
4029
8731
0
9953
6087
2068
0
1585
5536
141
18134
7966
14361
19053
22076
16382
5687
13146
12482
12069
0
1647
3418
5613
0
3911
8402
0
140
0
0
10551
8825
5547
3358
3111
4166
162
3201
0
0
15859
10046
14209
1934
8166
6266
7466
0
16561
2895
328
0
366
364
2418
5664
0
10385
2303
8200
7483
7687
0
0
536
4932
0
13167
10056
982
0
14546
10740
7391
0
12981
2
0
0
5549
12193
2076
1929
14949
11295
44
2550
11936
3690
0
3253
3739
0
69
9
0
236
0
0
1093
510
29312
10644
12971
3677
15312
3947
13038
2563
7897
6184
3036
0
14094
474
3202
2324
809
0
0
52
18495
8960
7943
0
7117
0
0
6411
3263
0
8428
11167
5212
5125
18890
16434
0
1401
9357
596
0
0
5253
8867
9511
10060
16801
4387
7843
0
0
2379
12509
2479
4800
12157
0
7312
0
13883
9202
14147
13530
24612
24709
0
0
4216
8921
0
0
659
0
0
9590
1748
1829
0
0
14151
0
693
0
0
5803
6283
10014
5738
0
2189
23090
6874
689
685
14186
14596
4410
11847
675
3254
3623
10334
1960
0
0
4289
420
0
0
0
12110
2398
15920
0
0
9541
0
7083
6974
0
1079
4610
4754
4387
23116
11406
197
8720
13943
13854
6817
7100
10212
659
0
0
1950
6761
2081
10568
2660
1347
1895
3500
10657
1484
8981
6903
6209
22742
8713
13941
3039
2846
6935
2000
0
0
4917
0
5821
3320
1631
1001
2615
3920
2095
1393
19612
913
0
20187
733
10090
6989
23301
1738
0
1615
0
10131
10368
10127
4538
9266
0
8115
0
2463
5666
2635
7292
7304
9240
5058
4849
0
2707
6010
1396
3486
0
10452
12100
0
5832
9680
11195
12603
7318
4606
0
9851
15524
17348
23776
19674
0
16786
4093
0
12824
7559
1553
5528
4012
0
0
0
0
12362
21830
2705
773
3021
3196
1691
3441
21924
8449
14251
50
2636
8780
2007
0
0
0
10846
13256
0
3188
2569
0
2977
10067
0
5747
9588
21763
6495
17579
1237
4889
23366
9661
18423
9498
0
0
2458
1486
422
956
601
6639
5502
12331
7908
9066
10913
1425
16172
8152
0
9508
3694
7878
3315
7211
6106
6067
11840
0
1733
16471
0
13689
175
3369
3370
3874
7488
8866
0
9958
19507
379
4335
29370
15043
1903
13207
1198
4461
0
15885
7295
2837
8413
19101
13324
3414
6043
0
0
0
0
1504
1135
554
24969
5496
826
1127
2312
10064
0
0
0
0
21794
2273
9416
5664
5582
4299
3888
4151
3353
1275
11657
0
3919
0
968
308
2831
4111
13012
7317
2670
5872
9545
2488
2734
2920
10832
9994
1961
0
24416
4909
5824
0
0
204
1910
0
0
560
0
0
992
355
10244
674
14015
1198
342
5326
568
0
3872
2616
0
0
11977
0
0
6870
0
0
0
14913
2646
8326
12701
21889
2925
5394
1596
3525
0
732
13464
176
5505
3327
7575
24748
3572
14700
2749
0
18675
6841
9847
2009
2637
0
0
7729
0
7903
2284
0
0
2969
19213
2673
4769
4942
3090
0
0
8134
0
3690
8186
6608
15625
8333
1708
45
5711
2117
1885
10675
7632
11580
518
1700
0
0
0
0
0
3442
3960
2692
17220
5058
23387
1462
3215
17451
0
0
5871
0
2709
0
1896
10016
4980
16200
0
2152
8234
5751
5231
15433
1470
0
1812
0
1196
13405
14790
0
0
10794
0
480
0
0
0
0
6046
470
470
9556
3595
23190
0
3948
10498
10088
0
2912
10767
19417
11198
2417
3642
0
7461
9671
8275
0
13320
11755
1998
8191
0
7637
5687
0
10497
7106
624
6433
801
0
4599
10209
14144
4011
7680
20564
5838
1209
6318
6501
6240
0
0
0
0
1102
0
0
15006
0
1036
0
10601
11506
0
3791
3748
528
3328
7966
12826
2483
7341
12941
8640
5387
7306
9539
725
11379
12930
1045
583
0
623
2240
12272
0
0
473
2543
734
3977
15683
12322
17404
9278
19240
1062
20842
0
0
1560
2066
1407
0
9068
6710
10660
4760
197
5716
0
4143
0
0
0
0
0
1808
6011
8
2814
0
6104
0
0
0
69
0
43
11939
991
13600
23378
15028
7578
0
0
15574
2421
0
6758
12289
24228
18772
2209
2925
17738
4494
0
1860
4020
2319
274
4521
11478
12024
4518
4518
17870
6994
3014
0
14115
5660
15876
2607
0
1762
11967
3811
4518
14522
0
0
17
2466
0
1003
9760
4741
646
4555
2383
4956
247
1358
0
2904
208
0
2490
8106
184
1193
6818
5009
2851
2743
13561
6531
5444
0
1639
4345
6230
508
17667
1669
3298
2137
4616
4654
4406
0
0
897
0
0
0
0
0
0
16137
4119
0
0
1924
1651
6346
12302
10603
310
0
3777
3138
14712
1715
14375
1879
15509
9430
8301
13282
0
0
0
0
0
3454
5787
13921
2534
23881
394
0
0
16775
11210
5097
2764
20460
5974
16070
0
3972
2586
0
5462
2510
3795
2300
1227
4645
9789
7312
761
10446
5583
7797
14117
3164
2243
13835
3150
5238
6810
17083
3367
11065
1595
1449
4184
5889
4646
5236
3711
3513
11141
7835
4913
4493
420
3543
420
0
0
538
5757
16832
0
0
13308
0
0
407
0
7805
0
0
4822
2894
9705
0
8319
2221
10172
10520
816
0
5282
13971
1014
5927
2349
11352
14005
5814
8967
9517
8688
8908
21779
1876
7837
0
0
0
5155
10328
16977
0
0
26433
4753
4089
3590
274
1952
1121
0
0
13448
8958
4727
6525
3640
9275
5175
569
6870
24274
0
1929
4563
5107
1898
21582
1909
5546
4858
11598
8817
2811
17023
8737
0
2171
8434
20778
997
7342
0
5256
0
4233
3721
0
1792
2253
1322
6563
3267
7717
7055
17135
6694
0
0
0
6145
5459
9283
2547
9028
0
0
0
0
14735
1314
0
0
0
2560
0
616
0
0
14681
11641
4858
10943
10640
8744
7983
10403
2076
17234
5893
9803
1079
14308
15042
8969
9042
4348
541
7527
0
541
562
10494
10867
7283
2303
1486
1808
2670
3117
283
4872
9552
0
11761
0
0
0
0
3090
7193
3559
5670
607
7813
7083
0
0
4986
10520
1821
16612
23405
1985
0
0
0
0
0
0
0
13239
49
8708
15296
0
4436
3817
146
4630
0
1635
0
0
4434
0
17711
925
16281
4484
0
0
7967
10595
1741
9949
5438
6043
559
11130
6306
22218
21717
7548
7371
1425
14696
515
7268
3082
8893
21695
5059
12211
12005
16071
21982
10469
13117
7566
0
0
0
6732
673
6324
10257
0
0
11859
0
0
11866
7734
14691
2929
344
0
7958
0
1520
5120
621
509
2427
6877
16992
6702
2795
7732
8351
858
0
860
4827
6548
8063
17483
20005
13649
11344
385
9008
13911
23571
1884
25393
2732
24997
12182
20542
7322
5580
1947
1425
1425
2124
4837
0
6604
1368
4769
17161
2531
8102
1717
8352
21921
11122
5777
3420
0
0
13639
0
0
0
0
13440
462
0
0
0
8480
7785
14302
363
2606
19560
4360
11953
4014
13701
5553
1002
1066
5360
0
2195
5993
21965
2544
12642
9584
9061
0
16640
2722
11079
751
6957
12109
2311
15995
5539
691
8760
8552
1895
2026
2338
0
10120
14164
3970
830
1452
563
28840
1552
3211
5331
1024
3956
0
10704
0
3562
4596
12117
3658
0
0
5633
0
1759
2320
1006
13495
8185
19410
9746
11766
4503
0
4392
0
123
15915
7932
5150
12264
2885
63
4999
368
5811
24294
8502
0
11112
22492
1676
3861
10871
3990
1620
14046
3847
3034
3552
3373
0
10030
3916
0
10210
8001
0
7118
9230
2229
9276
8675
3276
0
13316
9718
1573
0
0
0
0
0
17785
1467
11530
10644
15827
2367
22107
2220
13829
5522
5173
9877
0
14261
950
1907
216
1824
10251
12099
6035
305
2760
2914
11037
27700
9126
2818
5830
2046
1879
0
1787
0
4388
2338
2101
4964
3661
2656
11806
12093
11628
2032
6217
11173
9810
2705
18998
0
10315
8673
6410
397
0
4514
12806
0
3147
5886
69
8690
0
0
0
9878
6677
1583
3176
1745
0
0
0
0
0
7204
9440
6119
3380
4839
0
0
0
0
3886
11193
3267
5247
2608
16291
1195
643
3300
11501
17525
11604
0
201
9027
14985
26960
4905
0
14993
4118
4493
2510
0
64
0
3713
0
1143
6101
13745
17235
1368
9485
3922
2594
0
0
2493
0
0
5577
13896
3519
8067
10865
13221
9537
13058
1212
10293
17449
8824
4525
3270
987
0
4223
3821
0
3109
4896
2550
5399
7439
10243
0
6844
15663
9422
23023
9541
18404
10744
15765
3380
2226
0
1165
0
12829
0
2218
0
3751
5579
13615
11958
25137
16856
14801
301
17246
15527
4377
25740
19175
20027
13606
6187
8941
7456
2608
14570
10125
11142
1752
0
0
1731
15315
3144
1726
122
17017
15219
0
0
0
0
0
18780
4617
3486
0
8897
0
0
0
4343
18766
16331
0
0
5394
891
0
0
7038
4603
4355
403
0
14843
7074
488
0
8658
0
7719
2151
870
8983
2910
1388
11065
8481
4349
10303
4947
9845
0
915
1693
19636
4059
2180
434
0
3292
731
1424
0
0
0
0
0
0
3171
185
5279
3057
7220
0
3365
1958
20755
3557
2754
16831
1956
403
0
5653
4299
6071
2262
3875
929
146
6571
821
11357
3283
4221
8495
4300
1303
20465
20709
15852
8622
902
5236
10160
537
1872
26173
5670
4366
808
25307
0
0
0
1340
216
2888
6063
16345
5746
14460
110
17644
9579
0
0
0
0
3265
8958
9101
7500
0
4256
13429
2917
666
1662
0
0
0
14913
336
8285
2051
4937
9345
0
6888
7242
14529
6058
15491
6620
2242
12140
5267
5001
306
0
1182
1911
515
0
0
0
241
11506
3696
4108
0
0
0
1628
548
7931
0
3386
3578
658
19
10131
3397
4841
2749
11688
2379
4111
5661
2569
0
1303
0
95
0
15291
0
902
633
2637
0
0
1497
0
1927
0
0
13314
3588
565
8926
7340
16465
3299
9136
19727
0
2661
140
0
0
1287
0
0
3488
4564
6764
4417
3836
9080
1455
0
7488
11170
10844
10493
13382
9324
9936
3557
2211
8353
2071
15930
16929
4780
7230
14265
22
20324
7898
13158
2532
10554
18142
2220
16416
7229
0
3113
8395
0
0
0
0
0
1667
0
0
0
4486
0
0
2235
937
0
251
2395
13937
0
0
5894
573
1298
16034
7535
4284
899
4101
16556
8163
2840
0
0
0
0
0
0
1641
465
0
3014
0
6982
3577
2917
20696
14668
3969
1932
575
12348
11792
23181
1474
19769
18057
3429
8699
3253
0
0
404
0
170
7774
4444
0
0
3114
19065
1162
4091
4204
0
3727
4197
0
0
6212
682
0
17740
2925
8237
411
2090
5747
35
7996
15488
0
2920
12194
0
17159
3378
14076
9638
5822
0
0
0
5838
4558
0
14881
71
1892
9140
3244
1446
20088
7419
2943
1029
0
168
0
2599
11224
1491
0
0
0
8043
11163
9771
1434
0
3245
18677
11310
12264
47
80
4039
2218
2366
6776
4067
5064
1998
12079
10602
12299
2492
0
3579
2033
7043
11222
6260
3401
4710
17580
1459
0
8662
0
8553
6311
5831
19730
21767
17492
156
0
0
0
0
0
0
5924
0
0
3702
3702
3734
13544
0
2011
8524
0
8272
0
20268
384
5528
0
0
14525
1032
0
5439
10602
601
5258
0
7089
9451
16785
18426
972
5261
8947
5075
5366
13948
6008
13826
0
6715
5985
0
0
12069
16029
0
0
5400
0
6015
16130
14012
2259
6022
1716
13251
5049
0
0
0
3679
6260
105
0
11240
683
15638
4693
5809
2178
5864
2065
0
0
4815
10319
11338
0
10097
4090
2463
2383
0
1868
2576
379
12060
16361
7871
6652
12279
0
5064
0
0
3643
15689
1630
7467
5711
3068
0
585
0
417
3740
8022
23256
378
13183
20645
3020
9901
23189
18424
18329
6475
0
2219
8212
12710
0
23214
9172
0
0
0
0
6443
0
2597
12932
2293
10855
2842
2293
4332
18001
22187
13085
9139
7802
7617
3020
780
1954
1153
5958
5946
3086
248
0
20
4210
1184
3975
2776
16584
15395
26094
0
5612
0
4509
3687
19344
9546
15298
28
0
18422
12066
10267
879
826
135
0
0
136
7342
3847
1664
24
156
2105
0
3831
0
0
4094
56
0
0
2113
2273
2114
0
1173
798
4100
0
2828
371
248
906
15911
0
16555
7091
0
2733
17484
23095
503
5598
5594
0
11578
26430
21121
12598
587
217
6271
5774
15904
3454
18306
4609
871
0
2154
0
0
0
123
0
0
5387
0
342
167
0
18482
1789
23205
19797
0
11280
0
1647
1217
10952
7612
14355
3985
4717
2177
0
785
3701
6093
6657
475
0
3288
0
0
13345
8365
680
0
3074
0
0
0
2263
3757
0
7193
11569
0
0
0
1543
16263
4531
979
7699
1318
2863
6501
21102
29727
11861
2301
32
12815
0
5738
5293
6880
10461
0
0
2683
5496
2100
0
9532
6261
7974
10470
0
0
0
0
5379
0
8785
0
0
903
0
0
7219
17594
14328
21969
2965
0
55
11290
0
1987
1240
0
8316
3958
5655
22
7228
5367
4837
25154
153
21095
10253
13062
997
3043
0
8346
0
1692
9212
5772
4063
0
18322
0
4365
12061
1918
12518
12674
19559
0
7824
0
11141
0
4007
0
0
1426
3646
20570
192
1943
879
3298
271
3210
2609
14363
12445
5877
6575
4360
5353
3477
2267
0
549
0
0
14462
4386
16128
0
4740
2430
467
0
0
1913
11723
3142
5268
0
5850
9806
8296
5184
4527
6333
14837
20857
3258
3013
0
0
0
1478
292
7784
4954
0
0
0
607
1036
0
691
1785
8753
3302
6164
1734
687
9567
12174
4984
3469
0
0
0
1794
1829
0
0
0
0
0
0
0
3322
994
1939
13443
3507
747
1500
11663
0
23573
23741
3031
17777
3779
2726
14526
20005
4859
12640
0
12468
6349
1276
0
0
0
5610
0
2925
594
0
10229
0
1927
5483
815
2488
1193
5884
5518
0
11736
0
4477
3039
2097
5550
4433
6805
0
0
0
4519
0
1140
5258
10415
0
2329
1942
3426
17939
171
6643
5552
6380
0
12867
11115
9297
15572
4196
0
0
0
0
957
5059
7136
680
15977
20461
6598
8883
7032
4487
7531
5525
8532
0
9990
1063
10737
1754
2508
1389
2534
13159
6088
15530
0
10146
21244
5330
2948
5452
0
0
19766
2505
21527
16560
15000
413
0
0
17490
0
6089
0
16267
0
0
0
2926
0
0
621
341
340
5405
5331
1423
6166
0
430
75
665
3490
0
0
1904
0
454
6500
0
4878
0
2036
0
0
0
0
0
61
3957
70
275
10389
0
10797
18714
1872
2511
13674
10416
13967
888
11242
17219
3388
2618
2791
825
0
0
2881
0
0
0
13762
7642
5354
0
165
20094
26657
10609
8680
7052
237
10351
9095
18201
14159
6835
1942
3922
24619
1403
2030
5583
474
19086
5354
5228
10116
28746
10177
6585
12076
10339
4058
0
0
2233
0
13206
11105
4231
9882
12956
7551
4907
4380
13934
1497
9359
707
7318
17461
1833
0
10229
3841
8109
12337
13375
13209
5616
0
0
0
973
6358
1382
11058
13021
8933
17892
5274
29280
2098
493
0
2868
2031
7709
0
698
0
0
1570
9312
652
0
15393
17227
22609
20549
20412
6532
1229
14725
5235
0
1513
5070
14307
5029
4325
6969
533
961
7703
3358
0
2260
7840
0
949
0
0
0
3956
11627
14663
4728
3003
0
0
2431
5618
10273
4344
11839
15432
0
0
2902
0
20324
7930
17879
795
10754
2206
7873
9826
10568
4321
3590
10568
13068
3957
11240
793
0
4497
17857
17024
12557
6258
0
960
0
0
0
11413
8071
1866
2936
0
11935
7712
12154
3348
20022
9605
3402
5526
0
3421
9694
2455
2718
1344
13066
0
2280
234
16029
4510
0
1811
185
5901
13560
10724
3602
8890
2230
10885
7223
24063
3210
14126
22918
13303
7680
0
0
1594
0
0
1928
0
0
1381
2859
5103
0
3388
10901
2100
3726
4355
3749
0
0
9036
9676
0
6844
9638
10424
12294
7080
5146
0
1052
0
0
9059
6705
4270
2780
0
0
0
0
5610
17237
19712
7824
0
11250
8798
8532
3271
8752
7739
4808
15797
14963
6331
16801
4385
11196
2964
2833
8293
19427
15016
10834
18450
16161
0
3055
6881
12863
18317
3697
0
3720
0
12209
925
7828
2383
3106
0
0
0
0
3250
0
0
0
0
1290
4071
13543
15504
7112
14050
6753
521
0
10260
10190
7119
3949
11252
6420
0
0
0
0
0
643
5456
10794
3209
0
10201
7867
0
7326
6787
4136
9888
2772
4191
10376
9939
0
0
5354
11849
60
19620
14607
0
0
7669
18045
14938
0
11787
1519
641
71
1518
0
8759
4800
17323
4073
16184
0
5806
10348
5746
22531
16681
16388
931
7317
11896
5223
770
6208
12510
55
15983
19755
3919
2653
3914
13416
6312
8054
10757
5203
659
5685
0
14240
2772
0
15941
12644
4276
0
1455
1596
0
6940
5735
2916
0
16350
17481
11948
4554
10352
5630
5670
0
624
414
0
8214
7171
4648
3481
0
11020
20951
0
2321
8762
9800
0
5673
2134
6981
26468
11575
5675
2984
484
4031
9148
196
16549
2962
0
0
203
8008
3015
12392
304
16686
22006
15301
14327
1739
2562
4006
1123
1518
2669
0
0
11681
4756
2690
4184
2256
4651
2500
0
4181
0
0
0
49
2750
10369
1203
0
5270
3517
0
0
3227
6729
11622
19727
12599
1850
863
10062
7739
2027
3472
2981
2128
0
0
11708
26196
9599
15792
1095
3479
272
0
8879
26539
0
0
104
417
0
0
14683
11064
6475
15886
97
1115
14033
1213
0
7857
2567
5244
10459
4560
702
958
0
3867
1959
1972
495
0
222
14311
0
3396
6571
10906
411
0
693
5253
8816
316
15243
6166
515
5998
14479
1270
0
0
7307
4680
3558
0
3558
0
5603
1278
0
0
1289
847
0
5052
7127
13988
23626
6050
21791
10658
11351
1725
946
283
3655
2503
22189
8075
1738
19244
4465
6084
1731
17203
12339
3270
606
24683
12239
14556
6106
9461
818
2358
996
1584
10424
0
0
3747
14938
4465
8701
5379
0
52
152
0
195
0
1569
0
0
0
0
18559
9449
1941
0
0
0
0
14780
11659
312
582
0
1390
0
0
0
0
14592
2527
3540
5790
0
0
3687
1861
3688
3687
3096
5073
11436
0
6394
14145
13398
1966
12488
0
14036
5982
16167
6140
13208
16130
17362
20657
4608
3651
148
0
0
322
24681
19592
5248
11538
1028
0
0
323
7874
547
18750
2233
3247
3728
4291
0
8063
7122
0
0
3036
4001
0
0
2716
0
8827
3618
3475
0
8791
14581
4704
5891
852
1395
18568
7287
4801
14119
115
25922
12091
18351
28328
2756
7181
5360
1302
24455
3546
2000
6156
3545
2350
14749
3916
9512
0
0
0
0
0
5657
14755
0
20991
8550
11467
10330
0
6480
1207
0
14101
0
10261
22224
1688
11172
22522
12331
16093
911
15372
7412
0
0
138
19008
5750
2230
18106
14
12785
166
4956
2648
478
0
258
14769
9537
0
7358
16809
13181
4677
1174
0
5118
7383
11156
20689
0
14880
22796
1
6312
17655
4217
8092
3085
0
654
3624
1910
14036
14480
9932
23134
6088
2141
0
5184
4264
6940
727
13324
0
294
44
21952
16787
16661
0
6237
8698
3021
79
165
1532
0
410
2886
17277
6004
13988
9121
1958
5887
0
2350
2856
5381
2175
12071
7271
23137
155
604
139
0
9308
5415
2141
3849
2387
12577
6404
833
984
983
2046
11290
3439
2171
196
1454
3921
19025
0
1340
9790
9911
509
13285
11962
4929
1040
16888
0
11899
1332
334
1288
8398
14474
1574
3899
0
11521
5348
5514
7386
2872
14001
8402
7959
21541
7364
532
3275
50
1758
3878
12125
818
9394
18664
27796
15742
20
0
0
17166
2643
13988
5017
14744
14831
2510
11595
2507
0
1812
16685
10583
8844
3353
9973
18249
25054
12614
3043
3127
2316
1380
7661
10802
5577
1236
15349
10253
21083
276
5537
5140
1275
1575
0
0
7049
16030
5323
13415
6756
1233
2983
14305
7057
23268
10746
11
3123
17901
4249
1471
296
4723
5661
2349
114
5732
996
8661
16413
10262
16414
12012
0
1649
12
3187
1063
0
0
0
0
0
3352
12441
14406
17988
18866
11741
11593
0
14709
0
0
14237
2234
0
8351
0
0
2325
1632
3659
16519
6218
12473
11485
9364
16808
10920
0
13348
0
6453
21001
14626
1273
10262
3482
14082
0
11216
5594
0
844
3053
1299
3634
1675
2049
0
8189
1874
3670
10520
9196
1241
3551
226
11296
8642
0
0
3482
0
13572
13878
7225
8557
18576
6742
204
6928
0
1210
0
10611
0
18269
8773
1020
0
4967
7097
1612
1915
13273
6151
13744
0
2677
695
889
695
695
1937
0
20049
4477
15778
17216
263
2850
3392
13308
8277
2414
5525
15104
8200
563
1123
16725
7540
1125
0
9999
16345
2623
962
4830
3054
23939
10807
258
0
1760
321
322
10645
0
0
0
2841
8508
7664
683
6843
5209
23738
3321
2318
0
4306
0
0
0
2460
705
2546
0
9735
10651
5362
48
0
0
4462
0
0
0
10193
1218
4025
3526
0
9089
1654
1137
1042
7422
6116
14709
16340
6798
12326
6120
1461
0
0
0
2757
0
0
0
0
0
0
4726
0
13227
0
5227
10010
2635
12624
11739
14359
17516
4172
0
9639
9565
14219
7509
3331
0
1090
4813
0
1374
0
25154
4406
4826
725
806
0
0
4041
18389
1733
16239
3576
355
1508
651
1801
7213
2579
4070
12617
2317
23676
21559
0
1850
3372
949
12326
18801
1881
5632
15748
0
3090
0
10022
11560
0
3432
18509
285
0
0
630
3371
0
8892
0
806
5492
996
12039
14878
4006
17804
9105
0
1973
1807
397
0
0
4541
3729
0
0
0
0
6357
23505
7103
4988
3846
5574
4399
0
11837
9908
15087
7160
4500
19469
8097
10256
1363
665
0
0
0
4525
5225
3153
0
11125
9604
10201
0
562
1616
5400
6517
2460
18510
1051
1680
4768
0
0
0
5189
504
10828
3152
1457
0
0
99
4477
0
11986
2795
974
9985
7847
8532
0
0
3550
2046
3550
0
8506
7877
3983
10102
8268
1912
7519
7123
11389
7321
8272
1498
10864
1091
20991
0
0
633
3639
0
2845
22296
0
0
0
0
0
4522
11822
0
0
0
0
0
0
0
4311
12757
18972
1980
0
6014
6429
6141
5946
1430
3290
13750
12182
3286
26724
4679
12727
4860
6218
0
7592
480
3814
11702
9439
1181
869
220
15820
12693
4005
0
3625
9371
802
10195
1625
5314
10875
0
932
22028
9294
8331
8205
14222
0
12058
2342
2342
7547
11
489
2772
2849
3624
0
0
2139
4743
18425
6195
0
7618
4714
0
974
366
685
2932
1793
809
1757
0
2483
2592
0
15623
9779
3866
2881
0
0
0
0
10028
1558
0
0
16112
7306
4034
11651
1082
12164
7906
0
33
2456
1275
0
0
0
4827
4785
4860
11470
6551
2171
4282
3562
18292
16351
4656
16466
14528
0
0
9083
6449
0
946
0
0
0
12355
12245
0
0
0
0
0
3585
127
0
2153
5576
3529
0
811
312
7067
2824
2939
0
1210
9891
19229
10289
12369
4907
7158
13905
15307
2733
7047
2051
612
6928
7857
0
0
1496
5833
8002
1341
5406
0
4825
0
16639
122
17270
2039
19079
2132
16230
17097
326
5862
18460
3803
0
0
0
7587
0
0
4820
672
0
4115
0
0
0
1850
9878
5950
0
0
0
2772
2307
1484
20531
12814
0
1873
0
3989
0
0
0
0
3589
10935
831
0
0
0
7288
9162
5116
0
0
9165
9829
0
2709
1338
5619
16298
1293
5335
0
3962
0
1804
8582
0
0
1630
5466
1480
5125
4228
5881
17735
12377
12090
1254
2964
6888
6303
5638
0
4692
0
2246
5379
17675
0
0
0
0
0
3647
161
4917
4436
0
3987
123
0
3988
0
53
0
17713
0
795
2684
3281
0
0
0
0
0
9243
26751
282
20095
6238
13832
100
0
821
2712
4859
0
0
1223
16388
7699
16373
6260
265
13455
3994
8376
8500
0
0
657
27172
4251
0
4571
4251
1236
4977
2170
1114
0
0
0
7697
0
0
0
20943
0
847
0
0
11647
581
0
183
5899
1851
1849
15153
0
17875
2184
2268
18542
8625
11013
2031
0
519
1171
1183
15727
9774
15948
5119
11378
7605
25419
16939
13052
5569
3855
0
8352
0
2373
553
1086
10892
8904
1092
9456
4133
5004
7009
8482
16268
4284
16317
1307
987
0
27324
5047
7337
9159
2657
12237
1929
9319
5352
888
2240
0
1696
0
7366
4613
877
0
1835
3331
14350
12331
2682
0
0
0
4220
16434
346
1744
0
10182
5332
4469
7980
4379
2214
378
0
23365
8543
11509
10087
9532
23782
12719
2538
0
8871
12276
2114
1432
2862
1283
4764
0
1254
0
13475
7580
2314
14589
4325
10907
6274
28564
3038
9538
5791
7287
16440
17032
12563
118
0
0
0
677
14876
4212
23275
3472
1078
0
6993
5628
5086
3329
9248
9660
11875
12218
19002
18443
704
2996
0
56
7001
8364
0
0
2115
6979
5486
138
601
488
0
607
504
1756
0
8138
10409
6604
5161
1082
4424
7909
4568
0
0
0
2395
0
1517
9769
2377
4232
0
7271
12275
4060
3921
0
1148
0
0
0
694
0
744
1604
6924
1812
747
6487
4953
0
0
0
2300
1680
3471
0
1203
0
4022
4021
612
4021
4021
14101
24949
10365
0
9834
0
0
0
11306
9001
2905
7047
12717
5190
6423
2737
5759
6681
0
0
12615
0
0
443
0
388
2266
4848
6956
8864
9475
788
4641
7856
15278
3843
9385
10823
26204
6605
18791
4530
6448
5431
20002
21152
15629
27735
7193
2349
3344
21875
19085
3973
1662
0
0
2158
2474
631
1642
11841
93
9694
24445
12117
1382
7824
395
13138
17741
4239
9725
4371
15309
1760
51
13357
0
7689
1922
551
0
611
0
0
12698
15270
13232
17672
10144
3180
3636
305
2558
10142
5102
3820
0
18433
3434
16860
5133
25279
7224
5321
19245
1885
0
0
9903
7201
14378
17502
530
10221
20656
19404
19802
0
0
0
0
5833
2211
0
0
0
4163
1453
3243
0
6025
11702
0
11854
0
3406
3747
5224
6389
0
6209
8703
15255
1790
7283
11979
8936
1822
4522
1894
0
0
0
94
0
0
0
0
4423
11750
0
0
0
5772
0
0
0
897
0
7349
2082
0
9238
944
2778
2170
0
22773
23702
2628
14124
1203
5327
0
424
1796
3064
0
688
7358
0
6926
5919
16912
0
0
8384
13463
3436
2147
4751
11897
6593
0
0
0
122
1389
25326
1472
20975
23399
27620
4075
3622
4550
0
1188
4071
6594
0
0
0
0
2917
7137
0
0
13497
6861
7338
7352
2279
620
620
9004
4173
9756
2052
5629
3306
2271
2766
7986
0
4689
14321
6486
2705
23482
3206
9275
0
1502
0
0
1360
3378
0
2430
17779
9994
15245
1985
642
7130
8551
0
6679
5158
12200
6322
2270
10561
19487
4930
0
6108
4564
3516
10504
494
17942
12512
5295
5375
5908
7384
15659
992
0
7428
155
524
7896
5204
81
0
0
0
0
6312
19278
17019
3885
3715
624
15587
775
6746
3154
3093
5767
10494
14083
2372
0
0
3212
2822
544
0
2670
0
0
0
0
0
308
0
10206
14445
10733
7888
5864
344
11025
8831
14532
10611
0
0
0
15793
3371
526
15721
1594
16067
0
13935
4004
3354
1054
2780
3318
0
16366
0
8388
18826
187
17195
9691
7771
0
4488
5679
7085
0
1801
394
272
0
320
852
2766
21982
17660
4280
15780
214
0
10489
8300
10441
5188
2123
8676
10027
0
0
14852
0
0
3964
4681
0
0
0
1072
5484
0
838
0
3822
0
775
2640
0
2736
0
0
2889
5711
14288
4311
0
8693
5505
1260
7745
0
0
3623
1243
0
0
0
6666
21416
6550
19371
2567
25970
0
0
1142
0
704
117
0
10844
20685
6297
0
1371
4802
1746
8412
3819
1056
0
5401
0
7597
20524
2772
14159
13244
3257
1273
1093
2578
16924
1025
6838
18218
1521
4661
23904
4804
0
22990
14247
16288
6382
0
3417
0
0
0
19159
0
0
7449
2290
0
6778
4775
5655
3353
2741
13901
3099
15024
6896
20301
1497
0
5949
0
6951
0
504
5885
0
1432
0
1647
3563
11183
0
15234
11269
7969
7911
7564
923
4929
6837
2652
1495
14352
1964
0
0
0
0
11512
9025
3706
13659
11600
2581
3956
296
3956
4510
3958
16256
8063
2218
387
0
3326
4580
15304
3992
0
0
0
393
10302
12491
11576
5670
10430
763
2531
13464
0
5285
1620
8659
503
192
7211
0
45
0
8781
9573
11417
4908
8122
0
10256
6369
13663
18190
10367
10678
0
0
2960
9513
9783
2708
5223
17066
5139
17295
8054
4176
10371
4859
1290
4129
0
10633
310
15721
9696
3498
2063
10157
16342
1934
8877
6767
0
0
4175
0
1284
1160
8163
14904
699
3013
12472
0
4897
1305
12201
14176
8045
14601
2717
1594
6789
9296
5345
730
12895
0
10594
636
2835
16316
23621
894
10148
1672
1653
3727
2599
0
24402
10100
22647
12441
17211
3183
11664
4105
19380
0
0
6686
0
8850
4681
2450
2141
1866
5907
0
519
0
2842
1317
3929
0
0
4302
2585
6726
0
24380
19878
10365
0
13123
9622
0
2786
1505
14316
0
0
0
0
0
501
210
2816
0
11375
7474
13929
4054
0
0
0
0
948
2441
6941
12072
0
596
0
5003
8645
5244
0
5453
6059
576
8332
1336
24614
18753
5972
1943
0
9525
5096
2285
12074
7322
13126
1554
4447
4447
0
6087
3794
0
10542
11183
12426
16724
6767
8357
22261
13431
6743
3183
6436
17434
10831
25348
8470
2966
11129
1341
2334
0
0
11287
888
0
665
0
0
0
0
0
0
0
15174
6240
7969
9866
0
0
0
27245
0
0
0
0
20242
6102
76
0
2029
6891
0
1047
610
368
0
0
0
0
0
11500
1961
0
4870
18745
5806
6573
2630
2362
13118
222
13165
8423
2166
4269
6993
4435
966
4080
16924
14961
5617
456
2278
3054
1625
0
3409
12777
19292
11710
18963
3388
10658
5116
0
11009
6194
12060
23560
5362
7346
11883
2258
0
0
1364
0
3808
1117
2257
8386
1488
10035
10409
0
897
3739
0
2998
4487
471
661
204
12223
2419
6079
1972
0
7969
0
0
0
5667
5302
0
0
3656
3230
20211
8576
5159
13754
0
0
4089
6276
12477
4351
23619
13066
3404
11656
275
595
2307
1623
2157
2644
1768
3804
11882
0
9170
11772
10389
10924
24
8650
1588
435
1233
5870
27824
13885
24614
22741
10073
13465
4505
9188
2125
5961
6301
5429
0
5507
2554
0
0
2438
20087
12126
5016
5468
20507
7559
18309
15415
28907
1242
5603
1159
1159
14915
10121
15423
0
117
0
0
1333
2272
6203
8252
8434
3443
10000
0
7049
1805
13276
14293
24996
0
2706
510
5057
0
4456
10405
1559
10692
17786
0
4890
4253
2228
1291
0
0
1192
2832
1690
4799
12212
2043
0
8434
766
0
13457
8444
2603
129
3205
1557
5012
8347
17539
0
549
3396
0
700
0
11559
880
0
1932
586
7155
7330
13332
12586
7566
363
0
0
3162
80
6715
0
0
10893
18659
7302
3257
0
0
0
0
1218
0
0
12704
3946
4221
17176
12157
17524
4151
2657
2542
24565
6199
4592
0
5604
38
260
0
0
8168
5871
7408
3362
6457
14521
26610
7961
10512
1854
16058
18630
12379
12547
9453
7096
11274
16751
3221
496
3445
21722
4628
22683
14961
16883
13106
5599
6313
13745
22454
0
0
0
0
1041
0
2835
409
1146
226
11135
4069
7010
79
79
79
320
3147
1336
11274
26486
746
1118
3391
15515
1179
3683
12722
14022
2898
6947
11900
8550
138
7015
8918
2623
2621
0
639
2054
0
0
0
23019
23244
3133
12148
3270
3465
0
0
0
0
0
64
0
0
168
6193
0
1447
0
0
0
0
0
810
141
0
1178
7030
1108
4891
1116
0
0
0
0
0
0
0
394
2336
2672
0
0
7951
0
1913
1032
11847
3963
10683
3710
0
3174
3174
0
0
1928
13542
0
2932
315
991
0
2241
44
2995
18383
6436
0
3142
6639
1409
19137
0
0
0
0
0
0
4
3005
2094
0
18919
12094
0
7336
4639
2798
10995
14064
9339
2081
23016
18709
4396
13867
237
5227
2872
4874
22669
0
4204
0
1390
0
0
17429
10759
7640
674
1252
10717
9605
2079
13660
16320
0
0
0
0
45
0
3187
1477
2799
8432
22268
3478
21460
4359
15194
0
2405
2584
0
11626
0
0
0
16943
14759
15548
530
0
0
12971
16555
0
0
0
0
0
0
0
0
0
0
4726
8299
8299
8661
0
2552
0
11686
1387
0
1646
996
7871
8170
1140
20620
4889
893
0
8737
2129
0
5987
6857
6811
12880
1509
22774
72
0
0
0
9733
4603
0
0
0
9234
2221
1300
12879
10191
1667
0
0
7516
14872
6480
17286
0
0
6485
11810
11187
15902
0
3541
7247
12354
5304
132
18096
8616
2273
9940
6591
4788
5951
8615
0
1257
9530
621
0
3331
0
9041
18500
16175
660
700
0
6913
5350
0
3818
0
0
8199
8185
8506
15333
7344
15616
11781
13216
13898
20217
4456
47
0
6990
2012
10329
1864
0
11278
8410
3124
8160
2547
12530
0
2724
14675
17183
9077
13454
366
0
0
7478
14981
18837
6430
18380
1445
5197
11963
4712
14161
5793
3459
18584
3661
12713
0
1140
2278
0
528
3589
10818
31
0
2187
11141
3799
635
0
1070
0
13480
635
11328
6483
1145
19322
2340
2368
3764
2276
124
806
6131
6570
0
9999
1570
6922
17401
26743
14871
4154
2485
10137
16276
23380
9190
1004
965
3278
0
0
5769
6247
5609
5996
602
13757
0
0
0
0
8225
0
0
3244
11750
2760
2623
847
0
434
12072
20455
15927
10959
11251
2264
7705
3684
23747
0
3573
2682
6874
12157
0
0
14071
0
0
7535
6728
5821
10138
17354
633
0
655
1910
8265
2489
1579
0
1330
0
8526
24739
17256
15652
276
3057
4799
0
1019
0
60
16959
8971
0
0
341
703
0
27929
0
478
8311
0
0
16301
15381
0
417
0
17421
12899
316
3578
8728
8462
4187
17046
15966
524
19088
7054
2929
1271
4015
2713
5094
12511
3730
0
0
1669
0
0
1681
2325
3804
8863
0
10099
2875
8354
4492
57
0
2185
21314
14855
1106
4626
17592
558
0
3849
0
6797
3711
4296
283
2994
7357
6774
0
0
2409
2502
8296
12384
2454
545
0
17397
9658
15146
11677
1452
2817
8387
0
5874
2765
5836
924
6193
1937
2641
1612
534
0
2671
8656
7266
12576
5029
13774
0
5125
16683
1431
17666
331
9124
0
1722
6340
5369
6861
1520
0
2949
2463
11637
246
7725
14038
7074
923
239
584
2443
584
15459
430
1217
16659
2966
3647
9981
2041
6908
6475
2341
0
26475
229
24604
25040
23692
2712
965
17980
996
0
896
0
0
12991
0
440
7883
13354
147
8087
26124
16358
9804
27060
1827
8244
9226
139
14569
3220
15741
0
5289
0
13024
6229
0
0
398
0
11502
13255
0
5437
7486
7824
22390
6307
3164
12928
8197
7480
2293
27052
19389
4879
6839
6400
20190
12217
16386
8682
1786
3626
0
8482
12990
6690
7696
18836
9340
516
6458
7054
7497
10670
2783
6619
1883
11173
1259
1260
0
843
13066
7352
0
13296
9421
1524
626
3150
0
8672
15028
6875
3512
10050
0
9021
5618
0
0
1604
5889
8020
0
1626
0
0
1219
1625
0
9131
14729
11508
0
0
0
2641
0
0
5480
0
5091
0
1052
1897
3586
2115
1625
162
4713
2955
132
0
858
3785
0
1833
21031
1258
6
8340
265
13043
266
5289
2985
0
0
0
0
172
3051
6716
9078
0
16255
14380
21677
5885
822
1228
3567
10566
4357
755
10053
0
5751
0
1593
1687
138
540
517
0
5971
13925
7467
7778
7398
0
14807
10139
4436
13660
14678
7444
4750
8762
4223
6483
0
5136
6562
9299
0
505
3297
11636
0
0
0
12348
2068
987
0
8742
17498
720
0
0
0
12994
15796
2911
2119
0
4916
7737
3253
11044
5550
4157
0
2095
14475
11257
15337
11058
1215
11633
8200
2456
19797
23085
12911
0
102
0
0
2595
13835
4990
0
24047
1166
0
2956
6796
9163
4081
11546
8489
6813
10265
9016
6015
15309
12585
6159
5075
6037
0
2902
0
193
2695
3187
9871
11141
12384
804
2090
894
887
0
0
0
11024
9370
0
0
0
0
438
918
8620
1080
0
6445
10831
10979
9759
1771
876
8821
4162
4723
102
2524
1207
0
0
7605
0
0
0
2797
14338
811
7048
0
6178
0
0
9867
5420
24127
15407
15906
0
0
10626
6729
4507
2362
2067
0
0
11988
4248
297
16235
316
4873
15366
6259
4178
18323
2964
0
7398
329
5245
8331
9561
14558
12220
8692
5725
8062
6718
8526
18746
18553
5475
23214
3325
1426
12001
9189
20981
1092
9989
0
11864
328
8172
3830
0
3176
9387
0
7446
0
0
3809
0
0
1204
0
11228
7165
10640
7653
1262
325
12925
5814
1398
0
0
0
0
3086
762
1931
3870
438
5842
11143
818
12255
0
0
387
6533
4761
5273
6532
0
793
6659
7651
698
6070
26008
4730
0
990
2110
7686
796
558
6233
3898
4839
6761
17664
3600
5550
195
2603
533
1360
0
12975
6572
6777
5275
6935
19012
9185
6784
26811
82
9224
12566
10269
0
0
1320
4957
445
6832
0
12879
4668
8170
11325
0
7328
7328
17894
1118
0
571
7267
0
6674
22454
28
0
0
16803
4810
2665
4809
4808
0
3182
0
0
592
7877
26863
2732
15552
4494
533
2376
0
7276
9520
17655
2301
3214
10081
0
8649
7287
7079
5302
5936
6624
0
0
0
0
6408
19230
10334
2419
1879
2066
2983
0
1707
0
0
0
911
1253
552
1752
0
7014
7618
7876
1011
0
3605
11670
0
613
3843
4358
2695
0
0
0
1552
7522
6333
10008
2303
15155
0
2551
0
0
5958
0
3281
0
86
1720
5987
3949
85
8268
12082
15795
2747
6653
5757
9403
1284
3258
0
1550
2662
0
26508
0
0
8176
20211
12470
10812
15692
3901
0
0
403
4035
0
0
0
0
1784
12064
1816
8044
2612
7657
370
8662
647
3808
4064
4121
15284
696
0
16246
0
0
3624
0
7861
9943
8237
0
0
0
0
0
776
0
7815
10134
22441
1223
10204
4100
5534
4130
17076
7333
1321
11680
4180
12528
29500
14704
9715
11193
11482
2202
13001
8150
3847
14918
8733
12790
1280
6926
12800
1239
1646
13443
13018
5271
6140
2120
11067
5617
737
702
12836
2006
4627
2474
4289
12941
2120
11027
12109
7960
1404
1417
7759
13963
10922
12989
3955
3013
543
10818
7112
23635
3676
17739
5705
6884
0
16287
0
1210
0
0
993
0
0
5434
12061
4036
1926
23196
3154
19049
0
9832
6008
1615
15533
11279
8268
733
16812
6354
10960
4956
1436
3939
4969
0
0
0
9893
13225
18163
12316
6019
2435
631
4755
1763
18886
2212
0
1051
8992
8869
0
159
0
0
0
6813
3179
0
1710
0
0
6788
2778
6789
556
4524
0
0
42
5038
7374
0
1770
1968
209
0
76
430
1976
1976
4392
0
0
0
6986
9200
4340
0
4738
13130
2363
0
0
16806
620
764
0
0
3282
0
8682
7014
287
6187
10828
14004
11336
16826
11354
6333
0
0
0
3965
7186
2653
10246
8037
18664
17375
17036
0
1094
9001
8027
0
0
1911
6314
4208
12077
28131
16051
1882
5474
1502
13380
5960
0
0
1625
0
3098
0
0
0
6445
5132
709
16197
5766
0
0
0
0
0
0
8926
0
5677
1595
6986
3111
0
0
1439
0
12931
19193
1460
4426
11271
8737
23974
3656
17154
3817
15929
1839
6363
10658
739
1375
0
0
1080
0
0
917
5075
0
0
16385
35
1747
0
0
9023
19198
14387
17521
2494
1280
3397
2097
1582
20634
2481
0
0
5773
4060
0
0
3667
3678
15915
15418
2214
9986
0
11636
0
6045
6550
0
20719
1161
2653
0
8714
13844
10979
18826
21870
11023
183
10766
4594
11225
0
2622
7092
0
2907
13030
0
1506
0
1969
479
5440
18831
8860
3576
4114
12549
0
0
189
1198
6063
1578
9370
5968
13778
9457
3233
72
4192
1804
1803
5206
132
934
10223
0
1913
328
0
0
7108
0
2449
3904
16188
8153
371
6007
0
1522
1573
579
17772
2693
0
0
8165
11013
145
9476
12741
12345
6267
14917
0
0
9738
8182
20048
2606
21314
0
109
0
0
0
108
0
108
2424
5504
1261
3345
4855
8357
3016
2139
9361
18053
0
13413
8188
1801
6954
1275
2792
4997
3935
0
6524
2480
0
653
20454
13667
1004
9481
4350
8923
2161
16730
5507
15690
8780
3357
6512
7174
10014
13087
9095
2900
2898
0
2559
2302
1469
0
11423
6646
24613
23249
4814
12380
4071
1657
0
1859
0
2152
6706
14270
0
0
19440
5017
1950
2825
0
3430
165
0
0
8118
1358
6946
5223
4238
8509
0
240
6130
1306
5939
4213
2678
3137
14589
5660
520
0
520
2515
517
21316
0
752
1721
1843
0
0
13727
15586
1485
5265
2827
26464
20544
0
4731
14353
2480
12479
3770
4659
4819
11301
22193
13579
1528
6847
1142
0
8248
2773
6850
0
158
3252
930
19159
425
0
4126
0
2121
0
3907
7969
17092
3395
3395
9787
899
934
3812
483
2401
2645
8042
3528
0
2709
0
487
6883
8074
17697
16867
1620
619
13769
27269
1683
17316
4582
3706
0
3451
1650
0
0
0
0
0
8304
0
0
2266
5530
18669
5045
660
10061
15680
4687
2495
2560
22392
1844
14393
8170
0
0
0
7849
12803
11770
242
2394
0
1710
3586
0
22518
3369
1190
5777
0
6264
1743
11491
4810
17881
10222
2236
17418
1617
12166
1875
3658
484
0
0
0
495
4370
22845
254
81
18990
10120
1982
5405
1700
0
9321
13301
8949
13130
8098
7874
23039
0
15732
6589
3279
1362
1807
6744
3972
11064
2236
6490
743
6539
2161
7593
8831
6820
278
6680
0
13244
1225
838
0
3323
13450
0
4946
7060
8970
5690
9638
2234
2703
11623
7459
2831
737
6146
4606
2549
11454
1289
591
7808
7220
4945
3737
3438
4093
10280
6549
18848
4220
5890
0
2761
0
2368
12757
6388
13709
7368
10200
6583
545
13275
5727
19230
363
6757
0
26096
10744
2785
2267
9281
1252
2200
4863
13642
16449
26613
7463
1599
0
1599
1342
0
4138
1167
7097
8098
1556
12991
906
819
6859
16662
5736
4673
0
2057
4159
6981
24206
0
0
0
0
1552
7233
6821
0
10495
3748
0
5369
0
13131
9656
16342
314
1108
1208
0
0
4617
477
1564
1041
9653
1610
10747
0
0
0
0
6438
0
10148
22822
936
680
6853
15672
22454
9635
6396
4457
8497
3420
4971
12851
1682
3840
4377
2985
3092
19023
1411
13230
11066
26040
5521
8590
8364
13475
701
0
2012
494
8212
7950
12782
0
0
0
1567
2211
0
0
0
3036
4787
582
0
2621
7416
0
0
22289
4679
10090
194
6502
6441
2305
7586
8028
22977
4672
1544
354
0
0
0
656
0
23615
14302
0
10557
606
0
20104
21112
2639
2639
10986
1943
11185
9162
0
5290
5291
4816
0
0
0
0
9471
26529
14530
0
1284
4079
9255
10462
0
2303
4289
10598
0
15202
12718
9719
8901
8936
446
6690
11849
9582
3204
2639
0
1428
9239
1789
15164
13606
3200
22089
3537
7545
9719
10626
7774
0
1349
5188
5384
2203
0
0
787
28124
14360
10409
22683
9100
0
17568
0
11562
4094
7447
1255
0
0
1621
2273
4673
0
7035
0
4925
4645
6148
3499
1277
5864
0
0
0
7939
12125
1691
0
0
0
0
0
0
0
12722
3049
7477
1598
0
3645
12112
0
12096
11912
3981
4930
1989
3471
10717
2646
7979
6602
1907
5821
18827
11168
4664
0
22137
23144
3345
0
10960
0
10570
3693
12034
8433
28153
4833
3280
5381
1467
203
9146
1103
1019
6246
8209
3836
569
10012
0
2947
11541
3317
3523
1131
424
3587
1247
0
1897
536
21829
9178
7026
2274
0
20115
13805
5448
7711
7284
2968
2987
1580
265
170
0
0
2493
3126
0
0
10130
5269
227
10543
4766
14937
17250
12279
8344
9813
7743
9479
1782
6971
0
0
0
2598
0
0
4123
12495
18595
3186
0
5307
7326
5749
5037
4375
19782
18491
4677
13237
0
15398
0
0
1927
1008
1649
1998
935
14432
13134
7262
10125
9975
0
0
4153
12810
0
3709
1606
3875
9880
0
0
0
3720
1838
12803
0
0
0
0
0
0
0
1571
0
0
2090
2655
20261
6695
18552
19493
1477
18895
4854
4969
5094
13540
0
0
10058
3604
0
2183
2403
0
14008
16373
14543
3075
9836
12828
1736
4807
8156
6883
13827
14212
19184
0
1909
8059
13909
10615
29
17873
24401
13520
0
0
4951
7598
0
4281
3597
26776
0
19775
8326
0
0
10440
6864
0
19057
5851
2478
4800
4114
2560
912
9391
0
9147
1573
3066
250
17251
7516
11890
2305
4272
7196
8049
2362
6875
2575
3213
6492
1265
2133
8840
18423
5544
859
12296
11837
13238
7477
14112
8044
5423
3334
8906
14278
0
8615
0
7109
7318
7340
2389
1223
2200
10184
26242
288
0
742
9985
5798
2159
0
0
9716
11116
6989
1386
25565
9888
0
105
14781
4177
122
1095
551
14756
15710
6121
0
0
0
0
6794
7510
9036
11212
10482
4569
0
0
0
0
11759
0
0
7098
1581
4657
11983
17104
8625
8626
2744
7820
4603
0
0
5884
18033
1304
10592
17351
4349
0
1759
8403
4932
1272
3457
151
2450
5727
1103
3234
0
0
14896
12291
9674
0
14021
13537
10507
9633
506
0
0
515
4542
4730
0
17007
26528
902
0
0
0
623
322
1715
9399
6166
9303
10571
1039
4221
2700
10265
10061
0
0
0
1545
1731
14805
21158
8522
21159
10600
22391
170
3033
3831
0
1108
2952
3898
565
0
567
2395
0
1942
1942
175
0
1941
0
1388
0
0
7226
4096
0
3452
0
0
0
0
1915
13083
0
4052
4052
4053
166
8343
10181
1164
6759
8148
1858
0
9478
9656
1747
0
0
16243
4160
10215
8341
13869
10762
10788
997
2272
20558
23688
1743
0
3932
2505
6302
2558
3935
0
17865
750
13972
13808
17935
0
1308
4808
0
10563
5777
6698
10972
16654
2498
0
3220
0
0
0
0
10247
2459
7301
5967
355
9111
0
0
0
9083
5374
0
1066
7953
6596
17015
1978
7865
0
1266
8562
0
4633
0
246
2818
2215
0
0
8564
3533
8271
0
0
4225
13369
81
4828
13062
7676
0
17776
1909
15467
163
2059
0
7107
2792
0
29528
7891
0
0
2356
5439
0
3974
0
0
0
4714
8282
2441
5925
0
264
7443
7943
0
0
1868
5174
882
0
8395
2338
16644
781
2759
0
0
0
5698
8536
12115
7131
0
10362
12467
4829
2272
16869
1407
7448
0
0
0
13329
0
6394
2970
3260
8632
12070
23524
148
0
1647
2966
741
22248
1352
1213
6066
0
0
856
0
347
0
0
6541
18285
3826
180
5644
5260
9189
15089
10985
7142
6536
3743
4196
12212
5450
14069
9626
17348
0
0
3872
853
0
5968
11050
0
14158
732
10041
5304
11441
2767
10738
7129
5758
0
0
0
0
0
115
3770
5554
0
0
0
1000
11861
0
522
3711
11421
0
6352
11630
1102
5481
5760
5724
10839
8748
0
0
1259
0
0
1110
4718
6769
4060
0
0
3700
0
0
0
0
0
0
994
0
0
0
2027
0
0
0
135
0
6867
0
8419
5591
5631
1206
2908
11095
3525
3524
0
14389
0
0
1118
0
1901
11910
7298
4986
1675
19080
11859
2590
11892
11275
6636
4578
3713
9778
7443
0
23
514
14380
3447
1120
8771
8967
3247
18561
1979
19690
4553
0
0
2035
16204
729
4755
2664
4580
14847
1988
10233
11912
0
15930
9546
14369
6164
2048
238
3013
503
0
7960
4496
7140
4092
14536
5690
20370
1356
0
1870
10026
12537
10159
16543
3805
1312
25982
19391
15049
22646
2772
0
0
0
0
24530
5167
4950
1466
0
2430
0
3012
14601
22017
0
2059
7331
20624
6385
8561
868
9653
7650
9500
2585
0
21618
3424
11578
2041
0
293
0
4437
5258
0
4230
12209
4512
1945
9592
3876
0
16875
6258
6748
0
330
9582
11391
1800
2112
2889
13241
1439
21604
13827
11308
1551
10735
6501
9711
5467
3716
9399
12326
4221
4602
7921
16378
8027
3300
0
8714
526
21844
2674
14081
6808
245
0
10612
0
4669
0
0
6216
5441
12580
2230
106
7450
8283
9925
552
0
20223
0
10721
10136
8563
0
7420
0
7586
1641
17049
2439
0
1197
6669
1985
19269
7738
20866
6184
6634
0
0
0
3456
3456
18248
8047
11696
3703
1893
14336
2732
2024
18335
0
0
9618
4296
11743
1372
11411
0
0
9721
0
0
0
0
3385
3695
0
2129
6723
1990
0
1748
4650
10093
5800
12868
90
11547
436
9184
0
0
295
21132
14491
2160
6712
6109
508
0
0
0
0
0
0
2727
0
0
5208
14601
1322
12154
0
21627
6150
5808
7530
15708
0
2431
3485
16186
16940
5594
813
2497
178
0
12981
15614
16123
1412
0
3172
0
0
0
19701
17696
13918
0
2587
395
0
3879
12417
5739
0
6184
17325
6113
16700
5634
1017
1733
11052
3530
5893
5050
12449
13723
14390
17674
992
4924
9291
5337
11627
3012
7032
0
1899
1199
1246
0
0
6090
5490
5490
5388
8994
17066
18047
3424
6431
5972
0
0
7184
4870
0
0
0
5578
3606
13145
9744
9856
2076
23455
1278
1871
4125
4162
0
0
2349
7379
59
6856
12143
0
7689
0
5781
4426
6499
16567
1544
14573
4841
11379
5652
20131
12988
12157
297
3625
8378
7259
8952
9917
302
1409
4176
115
0
281
0
11388
731
5101
5629
1794
0
5164
9947
9273
16418
4405
449
1241
827
1070
434
0
494
11493
21376
1298
13490
0
12896
12488
8768
1041
0
0
0
21708
9993
466
0
5087
0
11540
5217
0
85
455
17638
6439
3517
0
6036
0
0
2532
0
4143
0
9443
6340
7804
980
0
0
0
0
288
2593
786
0
0
949
0
3472
7711
6892
1772
1796
2776
14485
15315
797
20571
4726
26629
18135
3406
1133
0
1806
0
0
0
11005
5310
1713
12083
5695
0
3810
8210
6504
0
4881
0
1657
4921
2855
1431
4833
12556
929
0
9746
0
16303
7269
10917
323
5796
4066
8500
13880
1943
1768
0
1364
19849
5693
8585
7762
1590
296
0
9263
10349
5189
7916
6661
5501
6562
5454
7488
4719
4456
8887
0
502
5899
1223
6644
17245
1879
0
0
0
2821
4812
5979
0
1010
11035
13261
14102
6664
17909
2082
12405
14184
18691
15621
18529
2656
4766
3520
0
22506
0
805
0
0
0
5006
6772
19516
20356
0
0
2094
5747
0
17910
14132
4499
10576
866
0
7463
17637
3442
0
3442
133
9443
10900
3504
11869
1713
13424
0
1834
3234
5075
0
4602
3371
0
3793
0
4168
12
7488
11071
0
2514
4781
1391
0
0
3106
0
794
7676
0
0
6375
2045
13117
729
0
0
8092
21265
17928
1350
4078
20306
0
803
1550
916
0
0
620
0
6015
0
0
0
5592
0
9940
683
16965
0
0
4635
0
0
20546
1668
13351
4141
14981
0
1685
5068
149
4860
467
4142
1897
4144
161
0
0
1409
1580
0
7655
402
19685
1112
10489
0
5831
611
246
1144
753
0
0
5771
7865
3839
0
0
11020
5629
15254
7841
1969
7252
19230
4746
7660
741
0
0
3342
1205
27567
1569
6479
0
0
0
0
0
2920
2456
18608
20223
10226
3193
0
0
0
0
0
663
13906
18435
3911
0
1951
1338
899
0
7545
155
5507
6800
19485
2387
12434
3338
0
5319
9492
2878
1552
2062
1345
0
0
0
942
0
0
893
1138
1603
14360
1326
6870
14380
7435
3302
3185
0
593
7070
9401
3257
2684
14046
6581
632
17217
7270
0
1008
3828
9124
8011
455
0
11188
2017
13376
12351
4456
5195
1246
0
3218
1242
0
0
644
0
2353
4895
1592
1026
6353
10617
515
2744
1383
17816
2268
1611
17338
375
0
0
2628
9538
2216
49
2108
16129
9664
1915
21071
511
0
823
2267
16024
11957
5635
2076
3781
492
0
11612
13090
9169
0
1628
9884
0
11759
682
8943
12026
7466
0
835
4895
736
3171
15055
2502
0
0
0
0
15261
2616
0
9269
5738
0
12140
9579
0
0
3152
0
0
1186
2660
14911
2433
4586
7889
17210
11321
3042
235
15945
9299
4290
3962
20319
771
6351
10517
3140
2260
6036
3470
2615
0
0
8497
10286
244
25939
488
0
7456
2016
3
10546
17637
23119
13482
17852
3352
3988
14507
2595
3576
6226
780
5143
2290
11497
694
2297
0
0
3819
5512
23447
0
0
11409
1549
15953
6902
3723
6680
2835
4848
10734
4612
4476
70
0
5397
12475
11746
1840
9612
0
3572
7010
9590
3587
17227
8350
9050
11209
15082
12464
2308
10692
31
12912
3214
0
3030
2260
0
631
0
0
16279
4999
13252
0
0
0
19789
13377
5440
0
12731
23950
11663
0
15139
2907
0
0
387
13882
9306
908
18581
2700
0
7398
10760
10180
3969
8943
0
4030
7971
25464
23638
1788
7200
12655
13990
21019
13500
14390
23981
7023
19867
2372
9890
3140
1083
0
2154
0
0
2437
2720
0
0
0
0
65
0
6179
0
1136
961
0
3116
21585
2749
3916
23162
684
195
10136
6393
377
0
18386
9588
8280
1862
3566
7773
0
0
16618
6313
14884
17562
578
12847
8535
3364
24807
0
0
9993
18737
11806
1739
13307
8821
9101
242
21344
0
0
5563
13021
854
10025
4678
0
0
11723
17723
4970
17431
3084
12949
3763
6870
8979
21366
19519
3128
0
0
12795
0
616
11037
5638
0
0
126
3285
5668
5668
0
0
0
0
0
178
4165
0
2420
1170
9152
1655
21029
10111
7043
5788
9285
2349
8604
17895
17305
5696
1716
2575
2526
2510
17
17
186
1285
47
3430
11408
9875
0
4083
21769
7446
7754
4122
0
1402
0
0
12260
4243
8781
0
1095
0
2747
1734
0
4121
0
11403
1076
3322
22314
0
0
10770
0
10525
27831
4123
14148
0
0
0
0
0
0
8990
9279
3522
9394
13890
0
17829
3629
10246
10688
3068
4514
8379
10551
4634
6473
6784
0
5542
14795
23349
26316
3909
1241
2812
9273
19286
15529
3548
1733
1015
9001
615
16742
11440
2649
6096
3704
21436
10734
1593
8932
177
0
0
0
0
10814
20746
0
2788
2790
2790
359
2790
16112
2788
2569
0
22563
24503
20225
17051
2086
1842
6493
6411
4091
1409
1749
0
0
2141
0
0
22161
16897
6599
0
0
13805
6538
10985
12831
24360
6646
0
4391
0
2
6927
2565
2148
2095
22182
6629
17145
0
0
15140
0
4987
0
246
13634
4560
8634
313
4317
611
2079
9657
15236
21770
5924
8892
0
5052
7441
13170
0
3273
958
21740
4895
3969
82
24206
2196
12658
7342
27258
12637
5007
1788
292
795
21848
0
0
0
0
14468
16886
20042
1821
2682
9170
2746
25586
26237
0
8042
3879
4807
8461
4190
8193
0
8099
1587
3021
0
431
8575
5495
1356
3445
17681
12685
3441
14473
5643
4397
8090
11173
2359
0
8897
3854
6425
10780
5354
3471
9026
7764
2456
4408
5601
7995
16762
8431
8665
7729
0
185
0
19980
9182
7589
14224
14141
12551
2028
0
13611
26853
5936
5451
0
217
0
0
0
0
808
807
807
0
12463
0
12518
0
0
0
0
0
1868
12404
12404
3698
10317
8017
9411
0
0
22656
22990
0
6703
5375
11025
1224
16485
1644
6436
10422
10308
6951
6058
5259
675
0
0
2640
3919
13458
17980
12589
0
11211
5082
11400
0
18453
18973
9794
3415
20728
23883
23939
17910
0
3831
9519
0
3659
3659
0
19592
13743
10955
2645
7846
16430
24740
78
0
1819
13734
640
0
0
1205
6403
15315
13242
9269
7285
387
2714
0
2414
11089
3751
23820
6826
5273
16309
8
238
4128
4854
7000
0
2803
0
4895
5729
567
4035
16846
0
2260
348
0
11
0
3946
10501
2229
12994
3694
8046
884
12039
14673
17215
0
0
9197
13651
16279
18203
19595
13732
0
0
0
0
1828
7389
4198
1898
5189
10571
1242
2480
900
754
4887
20148
0
0
83
913
4659
8818
16952
989
619
19683
18092
21873
0
711
12413
15816
5224
7112
16616
17136
8855
0
0
1346
5796
17299
2945
0
0
0
21550
864
0
0
862
961
1864
315
10435
3454
1428
22592
10382
11646
5694
18500
5912
643
8457
4486
5696
3301
8613
3917
13545
125
4778
2289
3459
8949
12041
2247
0
0
7741
6677
16653
8949
225
0
1931
0
20977
11973
2652
0
2992
26073
15766
10868
7883
35
3530
8713
3873
9928
0
2538
7928
14960
16654
6404
216
7854
0
0
0
0
0
0
8630
0
742
942
11472
6519
9781
0
0
4761
0
0
0
3758
3503
16784
1728
5112
2383
2504
632
5785
6055
207
174
538
0
0
0
0
0
0
5826
4093
11640
6174
0
0
12801
14559
4113
0
15048
22451
1917
4228
2876
8897
15566
7991
14721
13376
17751
19719
1556
10504
9492
18131
2609
13726
780
558
1820
7401
8094
706
30
0
0
0
0
7721
9253
0
2488
6108
3918
4941
5384
2725
0
2586
576
0
0
0
0
305
6986
0
0
2938
13634
0
1023
10912
0
0
0
15072
10507
21936
7194
7797
1808
0
4533
2113
0
2087
1322
9969
9969
3100
7467
13645
13566
0
0
0
0
0
0
21665
0
7991
6904
1976
2603
1412
6607
16803
10624
2635
826
3682
0
0
3063
4584
8033
16465
5060
9149
3814
0
0
1525
5224
1707
0
0
0
10339
0
0
0
0
938
1375
0
1165
17807
3610
19205
10737
9871
20938
17038
12493
399
5026
2156
4074
0
2823
1890
10439
0
2210
926
10242
9144
5237
12357
5910
3583
7234
0
3604
3579
0
3112
5556
0
3761
2550
839
6636
6470
396
0
1935
5236
100
1580
14960
8420
2974
3226
10279
8615
12227
9873
15659
2632
1765
9556
0
19814
3084
9684
1455
17263
9052
1898
4518
9021
0
0
6551
7105
2785
0
7728
7871
22711
15802
1883
0
0
0
15433
4100
1576
12911
13425
10521
14274
8779
2221
5592
5800
4015
0
0
0
109
0
0
2786
2331
791
110
4865
0
0
1001
855
116
13351
6681
7150
13944
2597
12878
8712
1159
8149
6036
230
5741
7193
0
0
2344
1412
17436
8037
19546
2996
719
9380
0
0
15336
0
417
6306
4028
7138
6185
599
5148
806
8730
27486
6664
20394
4935
598
0
1150
11367
0
18527
3853
0
159
10714
4734
10986
0
21108
935
5601
15000
7820
3674
1138
2372
5705
0
6465
7494
20208
28968
306
7088
10733
17992
7511
21136
13565
21017
6158
10677
2321
10863
3720
7909
12099
1039
7308
14259
8020
14344
2047
6482
11114
4769
10685
8945
874
2734
0
0
0
7086
825
4806
0
8690
105
2494
0
12537
1326
3136
14994
0
11985
3976
8366
10527
287
357
4314
3089
13685
1896
15176
5979
6430
14045
0
4739
7434
8155
7552
5364
973
0
14524
18045
0
1768
11075
3918
16920
1653
861
3099
4623
3512
0
8874
4434
0
0
4171
11044
5516
2981
0
0
4111
5372
2155
10403
17229
5946
7679
14771
15205
4753
0
17025
0
12585
7868
0
20853
16840
13645
809
6533
0
0
0
566
0
0
0
5693
12173
4962
9499
8943
2161
6939
21110
15738
2570
24920
2052
12151
12028
175
9428
21815
4726
13967
3750
10655
8463
4718
817
0
20158
0
7249
5645
4475
11928
3617
7204
5129
16949
5676
1493
2524
1283
3060
1790
14528
9713
5399
3114
3175
4348
17387
1704
0
0
2351
237
0
2765
0
9488
9164
972
20922
12194
0
0
324
0
8337
7066
8819
9092
6510
27774
3416
0
0
5701
4064
9124
0
9178
25964
1026
6512
0
23543
1587
9870
0
0
4042
0
0
241
302
0
0
7991
20098
5019
10303
1016
12746
5095
0
2440
0
4573
0
569
0
44
7845
3384
10962
16434
2707
34
17734
10422
17800
10291
4598
8046
5754
6618
0
7711
0
9
9
13959
0
12657
11264
3769
12536
0
0
4072
0
0
0
19694
19908
4330
10960
5212
16764
7905
13918
5063
10665
214
0
5433
0
0
4671
2833
19835
4805
0
634
17533
1155
12870
17434
2524
1320
8941
8358
10380
9494
6731
215
9360
19714
17794
1697
38
1332
9496
6185
7666
0
5880
5028
5327
0
0
0
0
0
3471
3470
4426
6192
2724
186
1134
9495
1969
0
139
23915
9141
4167
298
8029
0
17555
16753
0
1638
2248
18788
2256
17630
2147
0
4681
4672
4070
11857
0
17617
12670
12323
9190
1543
4151
0
0
0
0
0
662
17522
19504
16394
7410
461
8447
14294
6920
0
0
9211
0
13334
0
0
1724
675
0
1393
7536
6737
4880
19657
19117
413
0
0
2560
13572
1139
17649
19433
143
10651
3229
2987
3269
11572
15782
10930
2765
1066
6157
5554
0
1533
15970
14563
22336
1177
345
22496
0
2406
14395
5891
7654
9598
762
9050
10402
14417
20875
1117
6209
2681
2588
12128
19828
1717
1566
1872
8581
0
1252
8117
0
2459
11612
19112
4302
7938
4924
8807
0
445
19151
6798
23342
7479
11146
4801
19248
6346
531
2934
7118
24969
0
0
4412
2890
1883
10623
27074
8825
7664
5061
1925
17947
0
0
0
0
3157
2728
1659
6073
8918
2428
2428
0
0
3452
4115
4787
3365
2341
9405
545
1147
19358
10108
18267
17033
232
19627
8514
15167
12051
1695
18326
17990
6984
3236
56
9527
27214
0
3047
6792
958
0
517
9855
7884
572
9
2018
10057
3218
6493
15860
0
163
0
3270
2577
1787
9002
2354
7910
0
0
5328
3549
1576
13417
2010
0
1017
9013
0
4319
0
8626
11582
11358
5006
209
14755
19933
100
491
0
16763
0
2561
1590
8106
0
5949
6652
2461
0
0
0
2364
5053
8567
1754
3729
5590
436
16244
12813
4778
5976
3534
5188
2438
5450
12222
5953
8312
6771
0
3171
10596
1865
0
11817
7890
5578
7255
0
789
11494
9728
6329
0
0
0
0
0
754
0
13618
3755
0
10165
1944
0
17863
13079
16550
311
4934
10815
8031
8764
18651
8429
2670
6454
0
1489
1858
153
153
0
10111
2385
0
4795
621
0
0
0
873
0
0
0
390
15401
6362
2257
3079
0
9059
4621
14533
11539
8247
15009
0
16742
15024
0
7929
20507
2749
7145
2925
1334
2291
0
0
19940
23598
4964
5831
22766
9595
0
236
0
18251
4714
6996
15432
22005
3596
5309
13374
13407
0
502
1143
3692
0
0
0
3658
281
0
13420
0
8537
9618
10222
12188
49
1994
9756
14580
12613
12307
5378
10006
644
18572
13145
1744
3635
19953
21450
1439
514
2315
5411
3069
14875
5727
2863
12436
0
3333
3629
19076
2682
960
11001
7185
12011
9133
5663
15778
7604
0
0
0
0
7066
4390
8291
0
24385
10638
2925
4254
2041
1598
11067
18553
6059
956
0
0
7782
854
2825
0
0
13305
3210
5171
0
65
1272
4548
2676
2034
0
447
16211
11524
12323
3658
0
3437
0
8029
5670
6795
0
0
555
13624
2837
0
2
2855
12065
6756
10843
0
17926
17822
6538
10468
1344
22935
3072
7238
10028
7238
6681
12621
8653
20860
5184
524
0
0
524
0
0
0
0
0
17633
0
13901
15448
9656
7619
0
0
0
0
3089
5379
4063
0
3868
0
0
2438
2425
3190
1114
1786
4313
15429
9723
2326
10181
19574
8783
19812
28744
7248
4416
554
112
4427
0
9738
2108
2420
7473
6666
2930
21877
2575
13165
517
3680
17388
1357
940
0
1428
0
0
0
2466
4756
20809
14365
1853
3219
0
0
11510
11396
259
0
11002
11654
14484
11386
46
23777
8209
5198
9771
0
9834
5352
11689
13822
19157
11295
11388
0
0
0
1228
0
252
1555
10064
7316
9187
0
267
10004
2301
18279
11788
725
514
0
183
0
10740
12877
5306
141
1556
21505
0
0
1823
2104
2878
642
461
0
0
5238
4620
17491
882
15739
4025
0
595
6286
2876
18476
24374
28635
766
0
1701
2082
837
0
11399
11071
0
3648
16064
16250
10202
6896
21875
14550
1509
15690
3939
0
5434
0
15858
0
4369
254
5885
5798
4814
0
1916
4685
5396
0
0
0
464
0
9121
2403
25285
12084
0
23061
5471
6458
20612
19732
8936
5756
0
0
243
0
0
1217
2827
1224
15140
0
7708
11803
4520
11296
0
757
5082
516
11395
2581
11819
11086
9932
6275
3187
351
0
0
0
0
145
311
0
0
387
0
0
706
147
0
0
0
10122
0
2046
2597
26832
14632
11748
0
13501
8433
0
8433
493
0
0
0
7454
3719
0
0
0
3474
4660
193
5332
2827
5858
4552
13835
7474
3556
18143
4
3996
10834
1981
13135
0
4624
381
10283
5345
434
12179
18722
15997
20951
19703
0
422
0
0
7914
0
3513
12336
619
5586
3701
3266
5586
0
0
818
517
1324
0
4124
2502
0
0
6820
0
5539
18326
1031
2522
0
0
0
0
0
1202
1201
0
3998
3821
0
2320
3400
0
0
14428
7951
7277
0
2414
0
2380
3874
5496
7355
2805
6628
0
0
0
2723
0
6705
3154
14407
17984
12458
0
2336
6050
0
1874
2177
0
0
3885
1214
766
0
0
15351
4381
2326
8961
0
2420
0
5112
363
999
1044
105
11825
0
0
0
3931
8357
18382
14127
6079
10167
3602
10871
11959
5949
7439
8915
15158
81
16355
12203
11976
15252
19672
6838
5059
9697
814
3219
2849
0
0
0
0
0
0
789
0
14778
842
16480
0
302
0
3522
0
30
1380
26153
0
0
0
1294
7806
0
0
0
6002
0
7824
0
8765
4911
23372
4280
3575
885
2667
4844
0
0
376
0
11385
1564
3263
8579
0
0
0
0
0
1387
8298
6041
2873
10543
7174
5760
1936
26578
11161
10954
2007
2511
3282
7260
3658
0
12265
7353
0
1252
1877
0
981
0
0
1760
0
8334
10443
4248
7156
3484
0
0
9552
2674
323
10971
1923
1359
6292
7717
0
0
0
0
0
12113
5656
0
7747
2617
3888
6205
9215
2656
17171
5535
1178
7882
3528
2376
8456
2705
2462
1037
360
1672
11669
7763
5388
4949
13921
12850
2897
3332
5219
4755
3406
19923
884
0
7666
6661
12489
1072
15643
4059
11646
9264
19640
4961
31134
0
0
2954
0
0
64
13582
8961
0
8688
0
0
0
0
7738
9387
13854
17168
14179
1605
20036
13843
3129
14670
8902
9339
16562
3167
10794
4405
1009
0
15936
9801
13616
1359
1264
1357
0
10364
14225
7752
620
8804
14421
19605
0
12354
14854
0
12850
1461
12890
4707
15571
465
24499
20133
6836
2457
5826
139
305
0
3757
0
3348
0
10691
0
4030
3588
5409
6047
18035
6151
14967
14158
4764
6699
10690
5017
3254
6826
16155
3492
2671
7851
21802
0
7733
707
6588
1615
4112
9701
5544
10935
5037
246
0
0
0
10472
3064
0
22385
3887
4280
17309
8003
7602
2728
8267
6588
10258
0
2593
4211
9724
365
1104
0
3859
9069
1561
116
0
0
3423
4482
9848
0
10897
0
0
0
0
13741
9856
0
0
5609
12106
15137
9632
307
0
0
0
19847
17003
3164
0
2101
2100
0
2294
4866
11865
0
0
2216
486
0
5669
0
183
1697
13146
1008
0
0
0
2560
13714
9861
1370
8745
9930
12804
3047
2711
18944
29196
3246
7617
0
7792
8690
2163
8659
5641
7643
0
4981
0
0
11820
0
5549
0
0
0
13718
14044
2236
7198
4633
21245
14029
17884
9852
4262
1280
1029
6971
9730
8135
4865
8780
0
2045
0
4871
0
1031
1093
970
4130
0
149
0
156
0
3573
2275
2256
2844
854
0
3685
4515
0
6922
0
248
642
0
1638
20918
11541
4261
13753
4830
1052
11277
10836
16547
188
8036
0
0
0
14288
7344
1366
24181
0
2164
0
0
5079
5005
3989
13362
0
10317
22009
1118
1843
5295
7355
12432
0
1475
5277
17161
1636
5104
20541
0
6678
2369
3047
10969
10816
662
607
864
0
6200
3686
6879
10183
1873
8618
12051
1219
23689
9824
5663
13802
22168
4072
1530
16478
29
11257
4820
1132
3059
14539
0
9100
8666
1494
17407
1373
20434
4059
679
7844
4676
340
8789
688
8526
2232
0
10830
6374
8623
91
5138
12427
6985
0
0
0
577
4317
1518
0
264
3871
2575
19748
2776
29058
6370
24308
0
468
21711
1649
8769
2188
1539
9465
2960
8080
3672
10771
0
0
0
4016
16599
16853
401
18369
128
25247
0
3655
14586
0
3384
1089
4900
10281
11377
4199
16788
1949
18005
3157
15657
2185
8098
510
0
0
7244
3654
1185
2124
4731
3329
0
16504
20567
12176
7208
2708
24312
12131
7769
0
14709
11565
1069
3989
1960
11328
7955
5898
20295
12086
1287
5525
12913
1788
9285
3516
15751
17222
1288
1206
9880
1566
3866
1985
12708
16936
0
0
0
435
2745
0
15864
8195
1968
2073
0
0
4599
10574
0
6442
0
0
5850
3129
11181
0
2339
12046
16245
12109
10366
7760
5376
11149
13259
1558
363
4411
2479
0
19284
28056
13918
3002
27532
4346
0
4010
11331
1230
0
10163
4447
6932
1901
1104
0
0
0
0
0
0
0
0
0
0
0
0
429
352
0
0
5277
2897
559
7499
16415
14816
12604
0
0
0
0
0
7563
2003
0
16550
0
4218
22203
20720
9719
8845
9491
2848
1320
0
3097
12575
6158
9659
5414
4247
356
6057
7783
0
23730
19449
0
1318
1804
2184
8614
9457
5899
6919
2448
6320
9358
0
993
4703
8964
2026
8491
4536
9345
0
2886
2351
0
5573
0
3860
0
0
0
1327
0
2801
0
0
4986
0
7797
2822
7802
10328
16262
668
0
1606
3062
5439
5030
4009
6926
9680
8007
3812
4900
0
976
5477
7044
7569
12896
761
0
0
16433
3218
18609
16538
0
7048
9695
0
0
0
6270
15224
2393
13551
16772
0
0
0
7927
10461
0
20724
7236
21198
6235
4027
0
17911
8107
8173
3263
11665
13556
4778
1762
2339
2119
14501
4051
22458
0
11543
3089
5310
24568
9173
20405
19411
12874
1269
11164
10414
10111
10905
11190
8494
13804
9424
0
1198
0
1360
3550
34
725
3514
1870
4266
1144
12580
8426
1131
27143
4401
1563
7785
464
2058
0
0
1075
2141
1621
5401
0
1678
0
3399
23563
0
0
4147
3523
1470
14770
8761
4655
13989
1262
9799
8731
0
0
2656
2100
0
6847
1484
3460
10935
25174
5735
14498
6275
6537
8528
9041
327
7339
5510
12398
16109
672
8795
0
0
1349
9205
3725
20689
2610
16763
1083
5387
0
7701
0
0
1113
0
0
801
4329
1369
2069
8194
0
1596
1009
0
15397
13463
4166
14475
10546
0
2855
0
2608
6034
6698
15228
0
1230
6882
415
0
3200
988
0
877
0
375
21462
1573
2333
0
10542
234
10823
2728
9775
0
0
0
0
8347
14232
188
6224
0
354
14826
0
1134
128
0
0
1723
0
6551
0
0
0
5201
8916
3663
0
5562
17459
4733
7047
4101
14206
0
22007
11908
23043
1857
0
10355
8
12589
165
0
0
9434
13361
185
0
0
1291
0
0
0
19823
731
5017
22226
3637
11779
1385
4399
541
577
8873
0
0
0
49
0
2098
1650
7777
1126
606
5725
0
0
1532
0
62
0
8592
12166
883
0
0
1721
0
0
0
5845
0
11851
0
0
9104
72
12569
20101
0
5062
7169
9562
5538
646
310
1777
0
0
0
0
0
0
6247
574
0
10727
0
7546
7752
2157
10146
14640
0
0
11224
4248
6696
9955
11060
10422
15126
0
8622
3501
2894
0
22713
315
1445
0
4861
506
2461
297
6640
0
0
11564
529
0
0
6946
327
239
2318
7871
4793
2261
3059
5903
7691
7731
3664
12831
7342
122
6603
2761
2311
187
0
8587
19821
14360
15226
24001
3063
0
0
2333
255
14014
0
0
0
16357
11474
1749
0
4931
0
1509
0
11028
1670
5768
12103
0
134
0
5056
21746
17219
20267
2807
0
1126
0
0
8741
9588
9405
3234
0
16557
1092
11727
0
1700
1826
1826
0
0
0
0
0
25223
12232
1908
21033
1480
2895
226
0
0
7381
0
0
0
0
2943
14948
9730
14566
549
551
0
551
13417
6045
18224
0
1260
11502
0
8112
11956
2698
0
0
8561
1794
13272
2712
0
0
3480
3731
0
11720
47
12054
4257
13030
0
4312
4783
11537
0
3427
1125
11013
0
2295
7557
994
1795
410
24388
11265
11071
10752
20771
10400
4885
16417
14
211
14016
7575
1226
0
4925
0
0
0
0
0
0
14871
0
3107
4150
2655
0
4931
1712
16768
10882
8616
5780
754
0
8635
4598
2558
7888
795
8526
855
2751
11772
10000
20271
22033
5573
0
0
13589
14681
10442
1054
3749
0
14020
0
10073
10073
0
0
0
13953
1872
1061
22329
9974
0
10097
4920
13418
7672
5348
9745
12147
56
0
5213
15561
4832
0
3199
673
2036
1766
0
1432
0
2010
0
0
15875
12322
2033
9540
6575
9568
0
0
3487
3488
3488
3097
5833
834
12004
8796
14948
2250
40
23094
3343
3684
7975
0
0
0
1937
13725
0
6249
9474
7373
1521
9831
8856
0
0
5
200
0
160
3721
3107
9795
2240
13674
75
2062
8863
0
13446
1914
16740
12381
0
0
9768
12208
357
5852
0
14735
12032
8320
12755
370
0
2802
779
5166
12803
0
205
0
2750
922
7239
2885
2885
1081
2920
1700
0
2343
480
12970
16903
6333
2035
5939
0
0
6208
22125
1352
14975
8398
6569
5347
3785
18139
14629
8603
16696
373
965
0
1265
1357
663
4000
13990
10891
10971
13728
22195
0
0
0
0
11699
9367
0
9288
1106
0
6803
4842
3409
24076
1034
8325
0
333
0
5719
6074
196
0
115
13739
164
3114
699
2032
234
3997
0
576
0
10702
12796
4193
4345
10691
15566
4671
4474
3847
0
0
0
0
558
973
3879
6350
2728
0
6514
14887
2867
4602
15004
16105
1173
0
0
6982
2427
3015
16405
0
0
0
5060
0
0
4680
0
5918
0
12417
0
5659
6629
2772
14017
0
771
1943
11992
0
5156
0
3405
0
15313
122
7905
0
1770
6063
9177
4651
13897
5545
12765
2074
0
0
0
0
0
4443
0
8708
15315
3364
7606
16193
4085
2419
5115
11179
4117
0
5169
0
306
2969
6457
12265
2764
14508
5128
7015
0
0
0
0
0
932
0
0
0
1118
1118
0
1737
0
3551
3851
35
33
6869
13080
7945
4596
666
12107
2345
4914
11743
5967
4898
8026
9579
5335
2824
4464
763
11465
3752
2775
2729
25045
14381
9865
12189
15466
11085
0
11254
6844
14440
5156
5652
5432
2152
222
23527
6101
8440
8278
5938
1356
359
5055
8970
17214
2494
9439
1440
1278
16816
4827
0
7379
10617
1925
4871
0
555
0
1639
0
3077
5303
682
0
18067
332
9964
3028
5455
0
11365
20995
12725
3578
20749
14398
0
0
1567
0
0
0
3358
16906
10362
639
8713
3784
876
0
0
8495
11206
2904
0
12773
843
6605
7785
10154
15607
0
0
2028
10656
6065
22385
0
15248
13553
0
1465
4785
15705
0
4458
0
0
6177
1874
0
2929
1569
17381
7510
7650
8229
17199
8826
7862
4117
16417
14653
9859
1033
919
0
0
0
6573
9679
2093
5073
185
5244
2484
19870
4220
0
1975
3384
3037
24624
1067
12750
0
0
1501
4105
0
0
0
0
15239
7957
1774
302
15516
10697
6204
3059
3658
11059
906
0
5890
1251
0
20034
13634
2467
0
15767
18435
7652
3093
0
0
538
0
0
5243
0
145
5748
2061
1921
9049
4882
9834
14439
1202
0
10172
0
365
6770
762
11396
9195
7689
19274
6036
11204
0
11517
0
2691
210
195
3014
4949
2598
6821
0
10094
5141
4162
6343
17600
1143
5931
0
0
8919
13980
5608
8949
19682
1156
6721
799
11622
8163
17246
9959
12041
4885
15451
0
976
0
732
0
0
1140
13747
0
0
0
0
2852
8974
0
11734
3568
9293
2998
0
2649
4037
16309
3228
5333
4899
0
0
14502
1158
14122
7980
3068
2826
0
10533
6710
7137
18474
0
0
5785
2578
0
475
0
3406
13885
3883
19400
8142
10521
0
0
258
1010
912
2234
912
0
167
1016
6844
15460
0
0
3241
0
1816
1399
17529
6853
0
0
142
0
0
0
661
7442
15474
16812
1209
1208
4090
3707
17315
20494
2680
0
9978
1620
0
12259
8379
535
10946
2820
1986
21346
15445
8895
22978
14564
12885
9627
894
12723
0
232
0
0
0
6060
909
3613
1992
4940
1319
6165
3956
2608
5566
1883
18335
0
11186
0
2526
8430
0
0
14480
2738
9816
11176
4395
1975
937
4618
10149
4816
4214
7090
8236
0
5184
2501
8303
19199
1908
5692
0
11576
15132
5857
5697
0
5686
7071
11571
196
0
11469
12660
6848
1620
7258
5780
10592
2390
0
6062
14517
19790
1281
6096
0
1913
22247
12003
3882
10601
16089
18941
12844
6627
686
2954
1700
3177
11101
1905
0
196
4141
3140
0
0
8111
6375
10050
766
0
1625
2831
0
431
3641
8926
1307
0
8683
20164
2584
10327
13863
5165
0
13395
14880
14462
2472
15672
5452
8752
13664
14226
7143
19548
9515
0
0
2643
0
0
59
0
0
0
0
0
508
0
0
369
0
0
0
0
0
0
1626
2105
6889
3687
17311
23661
913
16182
0
967
255
839
3491
5143
5090
5047
10675
16336
11553
3096
3601
2733
7041
0
0
131
22470
9735
1065
161
5906
1667
11825
3022
0
15496
15076
6141
0
7728
8589
4579
10837
0
1115
0
9389
1434
4907
5106
369
0
7477
11981
9390
15359
10427
325
13892
1233
1929
848
4445
2222
12800
9494
13
8214
7323
1214
17257
7734
14161
8333
3785
12553
78
11016
16785
18412
8912
0
0
8002
10121
7337
5852
0
0
0
0
5175
10952
4644
7732
0
24759
15072
13704
107
5935
1250
374
14232
17178
13391
833
0
15716
20292
0
1747
0
16934
11890
9582
10182
0
5065
2385
18944
2833
4531
49
4320
4175
9131
5364
4173
0
4113
9237
2511
0
9098
17895
14358
1097
10599
12055
0
8226
2222
7196
11050
1972
10294
287
1169
932
10722
0
0
1835
4715
0
0
6227
3004
4895
1614
7856
16631
1572
2007
1162
522
0
25709
2294
5947
1123
8634
18025
430
13024
1428
4503
2249
22208
0
0
0
1637
2965
6503
0
0
12762
8881
3381
3380
1022
2665
5412
11708
1895
5592
15429
492
3998
0
0
5750
1237
0
0
5592
0
2334
0
6589
2036
0
0
5921
7594
7828
0
16917
5744
0
1338
22611
14810
5920
9070
10856
11526
13721
0
73
12869
2337
897
54
11481
2801
646
1679
0
7883
4122
9558
5425
606
2971
4888
2524
6741
0
0
13438
6992
1000
2788
0
1468
1310
0
3179
0
122
278
11284
3238
0
16243
8902
20829
1343
6983
0
5980
2234
8741
67
3918
0
12037
921
12936
5786
0
0
0
0
4844
14999
3030
7084
6995
4154
9865
5024
26319
17980
22043
8501
0
3447
5302
1088
3738
5527
12836
0
0
0
5140
11893
0
12
6551
0
7533
782
7802
6676
75
9006
822
14299
19805
10520
11778
2622
396
5238
116
14492
2280
0
3160
10338
1307
3974
1086
9745
5419
3
4290
1894
3792
2177
6394
0
175
0
0
1575
251
10784
3743
2253
0
0
1973
5188
0
0
14055
3313
2795
2859
4505
6
3398
0
6564
0
0
13470
1979
5534
24473
20240
5124
0
4481
9068
5218
2138
1235
10753
2483
0
1226
0
9088
2988
0
0
4096
0
3659
2824
14090
6767
1072
0
0
0
5285
862
7172
15952
0
0
11217
379
379
378
0
2432
5861
0
4520
0
8388
10305
6376
0
17271
6302
16409
3658
12933
16893
14447
3117
4936
8444
4374
2594
0
3857
1298
0
6437
9418
3803
378
8942
8378
24604
5034
2519
3424
59
0
15378
7877
10
642
2914
0
8223
10249
1293
5291
10832
10719
20295
10632
15973
13943
9875
3783
10862
0
0
20733
6287
6176
5866
14072
17988
4683
3944
896
9527
0
0
6084
14777
1884
3488
2490
3620
14769
21921
13943
21115
2355
0
0
11133
12196
0
0
0
2513
2351
204
14473
17446
0
21559
7777
6657
0
0
0
23090
27789
14606
2425
4589
0
0
0
1538
266
15904
1208
1679
3873
5707
2142
5045
5291
2541
13700
17530
24586
7162
0
5252
4805
1878
3525
16709
4898
6204
7534
15832
14
0
0
4670
13636
8110
254
7285
6417
9233
6999
7821
939
4411
4408
0
0
0
4815
0
2552
0
18013
1220
6781
12748
0
0
17430
9547
19795
11567
858
2494
0
2918
15374
1615
4953
16242
1
10917
2073
6478
10696
14094
10802
20230
25499
17473
4781
17564
17766
4606
4613
275
5891
0
0
7697
0
2462
0
0
0
7883
13868
7922
4057
13438
11904
2939
1565
190
11617
3857
13950
8876
1188
602
9653
1348
19532
4821
0
1075
4091
10478
2782
0
14880
8305
1276
328
0
0
785
0
0
0
0
6878
2451
0
3717
1549
1373
5199
4356
4235
4048
4917
7389
2111
1599
3311
22997
13435
1192
83
0
3375
1035
0
14637
12266
7622
0
2772
0
0
3141
2158
2474
708
0
0
1446
3000
4341
2100
5734
0
0
488
3594
10424
2952
1315
7307
11303
105
13002
859
0
17838
13502
1388
11615
5045
1033
0
2349
12883
4515
14971
8330
3522
3029
0
0
9957
0
4399
2054
0
4455
0
4086
5631
1737
2066
2879
4262
1374
3011
0
3571
1521
0
881
0
0
0
0
0
0
105
10943
19806
0
6651
0
11909
3529
7332
1476
14961
17522
168
2221
14294
5928
5630
12330
10727
4802
0
5308
8840
5705
7073
3153
11546
12248
14138
10061
3448
0
0
0
0
2958
881
9698
0
7924
0
9047
4716
11308
4129
18132
26557
11666
6509
19044
2468
1869
24368
0
15498
3128
4092
0
0
0
19187
0
5250
0
0
5653
17024
25845
17596
1158
14457
13798
6426
18967
6100
11162
166
0
0
0
4805
0
0
0
2506
4925
0
0
942
3184
8018
1936
20087
7000
11508
9053
9989
10104
15404
15033
17715
1116
5303
90
2986
12637
13705
5750
0
0
17917
0
0
311
1153
0
0
0
0
22039
7906
10765
2025
19903
12581
20611
26024
19891
1571
4297
0
13224
12365
4627
5432
5964
2855
3497
738
116
921
955
0
0
1379
0
8537
0
0
1213
5139
4601
7680
2660
0
4980
0
5660
15637
12710
9503
5151
14875
14996
0
22419
9572
2391
1523
7425
432
15078
23186
1372
0
0
2036
8110
8623
8833
12340
2777
23512
275
215
2035
10223
14428
8733
4411
11135
9210
12306
0
615
207
149
1585
5621
0
0
0
5543
0
16394
8169
0
230
125
0
201
7681
14603
10332
1733
1257
14530
18388
9218
7174
2431
0
1830
0
1435
680
17997
722
16460
9696
13821
16460
1533
26246
11926
5646
2774
1557
13318
5242
0
0
3961
5121
1722
0
0
2302
48
0
14799
2169
9978
6888
2459
1254
1770
0
0
0
0
0
6785
6288
5
2857
9459
1863
19065
4831
8153
0
0
0
8018
1823
4838
1804
6486
41
5748
0
18472
18488
24357
6387
17146
3617
8241
1236
2675
0
0
0
0
0
0
18117
0
7316
91
1163
15604
1813
3390
1859
653
10355
6325
6021
10845
13504
16667
5648
17573
7139
18157
2200
0
696
0
161
7073
2634
9000
9369
17681
8001
144
17405
5002
3554
1084
8903
0
0
9380
156
2370
2292
0
9032
12166
12941
12252
894
9000
0
0
4740
0
76
0
0
0
0
0
3556
1174
6640
1037
19497
8722
2019
6401
2334
2413
0
9989
14887
11463
13959
3600
12583
18346
23308
10856
10976
0
0
9502
326
5888
7245
3518
2708
1620
562
5774
0
455
0
0
0
0
12357
4629
10313
18069
7289
5277
18952
7235
2062
15211
12800
22147
13881
0
5407
0
0
5852
0
3082
2129
1434
9882
6308
1578
8045
13831
22084
2024
12909
8823
21709
15820
0
2662
3312
0
0
802
7330
3310
7673
5520
20013
1345
8032
6978
1228
1554
27756
2125
113
0
3205
6658
0
3863
151
5889
11997
21480
7576
23412
9511
1728
17837
4312
7544
3188
1147
2481
6569
20433
15241
7745
0
7666
668
0
0
1980
0
0
0
8162
12721
18428
0
0
612
1232
6434
19413
1986
3003
807
3021
6413
7157
6933
423
0
7316
0
11404
3928
15111
4472
5801
21788
4491
1964
0
0
37
0
0
1324
0
1881
1923
2340
6008
8028
396
984
15158
241
3594
1116
0
12834
7237
2427
1862
3395
458
6737
8210
3168
48
1265
0
0
669
2006
5348
2034
4253
5756
16678
5819
0
0
1725
9033
5843
0
0
10557
2117
1482
5072
19571
208
14537
11283
0
0
24777
7209
19032
6757
14225
26017
0
1798
5828
1262
18050
633
904
13727
1223
5022
677
0
13245
8766
17431
1154
0
918
0
0
4007
0
0
0
0
0
9258
2464
516
167
16133
4637
6209
2250
0
2522
0
0
5765
6249
6707
18398
1382
5178
0
3765
3328
0
0
0
876
7533
8716
9554
6027
4215
6070
3058
7927
3715
4761
1618
2761
5916
0
4693
10086
15138
1375
254
2351
11162
4009
9144
2745
11307
23347
0
0
6129
6260
0
4924
0
0
0
0
3768
1253
4071
783
404
0
0
0
0
8456
10282
12724
14706
14341
16448
152
16113
504
3349
1936
11055
7699
16970
0
0
0
5245
0
20700
10558
2860
8603
21698
15146
15804
4905
14
4275
1776
288
0
1664
0
7457
1774
19082
3965
7047
12764
14799
6721
10302
3369
0
1281
0
6688
4912
1487
0
19516
16995
0
17568
12789
0
7231
0
1969
242
5752
8564
8654
4391
7958
1409
557
15252
23366
7900
1802
7492
0
4652
0
3158
879
0
2761
7875
9124
536
5775
0
6474
6585
7312
8433
6213
28812
22200
24325
13731
9369
0
920
1035
1902
0
736
0
544
0
3136
9763
645
0
0
0
644
977
0
0
3267
0
5327
22454
3970
7332
0
0
12394
4305
6729
6832
14775
142
0
25
10617
18034
15581
1880
24941
4131
4605
0
1084
2932
1627
8999
6797
272
19888
4290
2213
6029
8153
3141
5435
4661
15333
11987
203
388
348
0
2186
6890
2003
7356
12070
0
3954
5237
0
4628
4629
4629
0
7289
0
0
0
0
11763
14295
986
11089
11708
9409
5912
19643
7255
3323
2273
314
7246
18200
0
0
2024
4291
976
23803
0
360
1598
0
0
2387
0
1203
10375
19129
9550
14205
8729
5901
5401
2689
7278
11904
0
14338
0
514
455
8761
0
1036
2493
234
2211
68
1860
0
11670
15537
1795
14871
9220
8317
12505
8775
96
5035
10187
401
15360
13497
3955
581
8388
2673
0
12706
3972
0
11039
6594
0
4814
1458
7836
475
1039
1319
643
316
4630
0
0
0
151
1116
1199
6707
0
0
0
13462
10963
0
1536
3814
697
5445
8402
0
2986
4837
0
1561
0
3944
0
0
0
0
0
153
1171
1910
0
12291
17409
2041
6690
6089
1669
20746
6017
12930
0
11965
0
9555
2113
142
64
2661
13632
26749
9257
4377
5171
8002
3564
2871
4901
471
19391
10328
2965
20192
26022
985
9215
2054
16066
726
0
0
2424
0
0
4248
4201
0
1835
0
0
0
13506
1174
1824
5662
0
7116
1103
0
9374
12624
5044
10613
0
0
11857
13248
1997
3134
5260
0
8159
0
7236
0
4131
6417
132
2653
4078
1469
4385
0
0
0
0
4219
13677
9350
16889
864
0
0
9462
0
0
0
0
0
4161
9150
2764
5315
2712
5181
0
7291
0
2944
0
874
9694
5204
31
5311
5286
18530
1970
3622
951
19386
8363
2676
2394
342
11932
0
5437
3809
2915
0
0
0
9463
0
0
0
0
128
1043
1115
0
226
0
11919
14115
7320
13486
1059
894
13123
2446
0
13557
4940
7803
8086
0
3447
3859
5038
16945
0
6683
6568
5602
8365
5688
0
0
12959
0
20422
17537
2578
9227
10707
18252
25327
643
22960
22549
3874
11133
4325
9384
3566
4201
9649
0
0
433
3164
3926
822
0
574
3388
11288
10771
11497
15780
8901
9354
1612
5906
4181
3749
3749
118
19072
0
1689
694
845
4878
4754
8318
11260
1212
0
0
724
0
0
0
14414
0
5655
13101
4640
4629
5091
20480
5990
9925
706
0
7135
3949
1381
9641
0
4781
11752
7443
10324
6414
4274
14087
10121
5521
5988
6775
2465
12531
11101
3564
0
4579
28789
18252
15244
1221
12950
2455
20228
3620
0
12929
2358
3848
376
0
1
5212
0
4825
8957
2680
1158
2972
11840
23123
22696
2455
7512
7319
13675
136
1151
3832
48
25186
6897
8680
0
0
0
0
0
2685
5871
650
1713
348
0
4754
12684
666
9189
8003
18639
8848
9900
11032
0
6416
6146
11150
6036
8146
7384
18749
1841
12199
2214
13933
7216
452
5277
7609
16169
10313
11999
57
0
5896
1573
0
1587
0
0
3064
0
5033
16325
0
575
0
7341
0
0
0
0
2199
12329
921
7998
10111
0
5889
3830
9149
1951
0
0
0
5618
331
0
0
0
0
3745
4708
2054
364
0
14286
8596
278
2166
13296
54
12749
1187
3207
2315
0
1970
1543
0
0
2294
6306
12396
1082
21273
5868
5373
2356
1852
10008
13628
2804
9728
5716
123
0
0
10242
3815
6244
6464
1855
2115
4345
5040
0
601
0
0
0
0
0
156
4696
196
4379
2099
1398
5673
2210
11629
19756
5176
3070
0
2127
0
15005
0
3152
0
3153
0
2799
2799
8409
9351
9351
0
1014
0
0
2304
881
1961
9336
345
16484
535
6067
4062
9183
5523
6271
5382
16343
2707
6180
5458
0
5596
10716
0
0
0
17773
320
1459
1267
439
9358
6164
4621
2004
7009
7399
18159
999
0
90
4310
4821
4882
5820
0
3169
1151
16094
5303
2973
655
1329
8476
4686
2761
12068
8439
5630
5076
19942
20204
12110
12850
2577
1237
7518
75
1924
857
1259
0
4237
10295
0
1214
0
0
3870
3979
5476
0
0
7330
12340
11615
12580
7119
4966
3381
0
3381
0
0
0
762
0
5021
0
6693
4885
9290
383
8762
9911
2383
424
2908
12021
11261
15886
420
7753
4334
7172
7332
5173
9444
23253
1557
8710
4456
11003
6358
0
5076
10187
7802
15523
9010
15454
0
15493
8291
1700
11701
1586
5143
26291
1711
430
11690
769
0
9183
0
932
0
19657
2683
2782
2551
1751
0
1079
0
0
3987
11752
16553
9725
5988
1642
15381
0
12304
824
6357
6152
0
0
0
0
6632
2143
1127
1176
0
980
1149
0
3211
61
9939
1553
0
0
0
949
3320
2554
0
0
0
0
0
5982
10928
15618
13100
364
4712
3374
25434
11793
15664
12921
0
2408
6755
4979
1092
22425
9824
6427
4878
0
1559
12736
5765
0
2140
2439
0
10529
5359
6156
16289
16629
3441
8389
5291
5275
0
3323
13965
7717
11835
3508
0
1497
2807
1440
2247
907
2245
6682
949
12432
4361
19653
1209
16166
9878
7012
2743
853
5518
9014
3635
11982
4258
7526
0
0
9713
6274
4251
6171
377
29185
2977
7228
12491
22515
1129
0
8476
1827
8490
5973
0
0
9316
1737
1996
0
18225
0
0
0
0
3640
0
0
1345
0
0
2768
0
4678
2450
1037
0
0
8249
1691
6852
3093
13309
22018
3337
671
10584
10364
28982
8448
2669
320
10885
6658
3815
6824
2119
4714
19473
4446
1372
13232
7646
17937
0
14792
6551
4126
2865
2770
21822
11288
4601
2639
0
25879
9972
13152
20857
3904
20590
4671
3768
4911
2243
11529
6803
2546
5495
5365
9050
11250
4013
0
2502
2064
1943
3420
2310
16829
8555
3307
4795
949
5696
6534
6962
8739
13270
15009
5714
3203
6622
487
0
1933
6045
8545
0
20040
11166
8993
14419
8095
3283
6768
8536
4842
4887
8852
7409
769
3137
943
0
0
0
5718
4810
25412
12062
2986
12388
12682
7296
15922
6117
12234
1697
2385
6407
12385
8816
12274
7264
3406
3943
0
1025
3078
0
0
0
280
4850
19917
15704
1222
7866
1292
28943
5942
4510
2422
26052
13269
4622
4367
0
3895
0
0
0
18331
14970
6627
3147
10694
7220
15517
385
0
2550
0
0
0
2971
8973
3258
0
193
6724
3999
24321
983
13303
2060
10656
5447
5100
7482
14281
3967
3699
2869
14851
11701
1763
0
0
16799
858
14855
4347
4014
10902
0
5735
0
2321
11700
0
0
527
5788
4319
9541
10521
892
0
0
7642
0
0
6797
0
12508
0
0
1811
0
0
1147
0
155
851
253
2741
2540
1242
44
0
5044
4486
0
0
0
0
0
15957
6695
2987
2508
1455
13611
18633
920
13248
8677
596
0
16016
856
12052
21063
23698
16738
242
0
8587
9231
0
0
15829
3241
6038
0
6104
5952
1442
11493
14179
1437
5889
20452
14787
0
3206
0
0
0
993
6735
12847
17666
5119
0
0
0
3260
0
0
10142
16473
23564
11833
8666
16542
2847
1384
10502
5692
0
16193
13595
8911
1792
15017
8940
0
4730
10781
11876
679
627
10553
0
0
0
2238
10712
4219
1347
11749
10987
2635
2106
3440
6085
20085
0
0
0
0
10185
6006
944
6224
0
11018
10028
5513
3112
0
0
0
710
0
7607
7383
1141
5113
5798
14291
6047
5489
2924
11564
0
0
0
0
0
0
0
17021
2207
2856
13534
2854
2140
9052
3367
1118
23765
3027
3638
9587
170
11893
3528
1001
2123
6774
8923
272
4972
0
8727
721
5163
7718
5337
6076
10763
0
4189
7206
3289
3493
17010
2940
5755
0
0
0
5667
14740
12399
333
0
0
0
0
10638
0
4006
6415
6385
13452
1721
2648
0
0
4208
7865
0
0
0
72
18840
3303
2556
0
0
0
0
0
11557
0
74
0
8867
1464
12297
4180
0
0
3645
521
7147
1453
825
788
0
0
26826
9021
7185
1539
5421
973
4743
2654
9315
3520
6554
3920
0
100
12488
4109
2097
2957
6086
6003
12471
4330
16465
3950
2820
0
0
0
13515
1202
226
8419
10286
0
815
2159
0
1154
8293
19710
14565
2986
0
6035
0
5413
4435
8964
20107
0
2097
0
4125
14076
2013
1955
23108
4575
3624
8626
9630
17335
0
0
40
0
3618
6231
112
0
37
0
0
0
0
0
0
0
0
0
0
0
1323
1407
0
1438
0
8742
0
0
0
22405
1044
788
603
280
0
0
150
4703
17006
15102
16173
12480
5209
15000
2293
5406
0
0
0
0
0
149
11267
2951
2550
11111
261
9952
11496
765
7654
0
17757
542
4322
11267
6294
6131
884
6915
10487
0
0
0
6368
12215
7079
17066
14138
216
17456
1209
2819
0
1412
329
4132
320
11538
5770
0
0
924
10551
849
4846
0
0
5588
396
0
5033
3029
2852
1011
327
0
0
0
11220
13212
7134
5765
8600
9406
22141
0
322
0
6113
2610
104
137
6905
0
0
0
0
0
0
21096
1268
3600
6025
0
25257
2543
11566
6343
705
10929
14234
312
942
13575
21464
0
0
4577
11898
8791
16721
4745
13180
3260
385
9737
2394
15551
610
7493
1964
20314
3483
8751
1870
1932
908
0
10008
20708
15045
11619
7005
6875
13357
10626
18180
4867
6310
0
5389
1566
15811
16640
7665
2069
0
2761
4030
10300
34
6280
0
11866
3616
15312
1030
0
0
0
7827
4212
5264
0
7827
7829
1778
9952
13647
9512
3673
13112
4620
0
0
0
0
0
0
13250
8590
5627
12436
8025
3115
4257
648
14470
0
5482
363
8553
1072
4266
1665
6328
4753
2240
195
4572
352
10691
9489
5202
16800
7815
11956
0
6823
5068
10433
3254
0
7133
0
4602
3561
2000
4559
2137
0
3677
10070
3085
5133
0
0
156
6632
19779
8273
2466
0
0
2724
0
1549
3071
4810
0
12514
3007
2712
4271
2148
0
1389
8643
4006
0
5353
5498
0
141
7763
1318
0
5804
411
5625
0
1230
0
0
0
5959
10243
11786
12532
2298
6168
5515
7874
17484
5203
8256
5856
3682
0
0
47
0
180
0
0
0
0
0
0
0
1281
6598
0
0
2281
7621
4891
0
0
13099
7005
4667
11430
4721
6280
6701
22479
1526
7620
1004
3461
1488
7518
970
18638
11030
7475
8242
5907
927
7225
1630
0
0
0
0
721
1911
3813
14262
11555
0
0
0
0
1070
0
1742
0
1557
1322
0
3358
1768
4432
0
0
998
0
5566
17800
6765
937
0
0
4952
0
1737
1777
20886
1624
977
0
0
7816
7687
0
0
0
0
0
0
0
1784
10200
5568
1826
18144
6737
14299
0
7566
754
2365
1081
19783
15903
3784
9631
0
3730
7842
0
8825
2565
0
0
27404
4561
3120
68
7883
6669
22389
0
0
589
2968
3614
9710
0
5164
14626
14627
0
10502
4539
5553
3518
21911
1
15771
4165
13755
0
0
4966
0
0
0
0
0
2076
0
0
0
10436
0
6385
6094
0
3571
0
0
2488
19976
25002
4654
866
2833
11964
27911
20989
8913
1388
2207
2119
12693
23578
4261
0
1981
0
1951
0
0
6636
11168
951
4261
0
0
0
3093
5403
7580
0
0
0
86
0
13679
10719
53
1109
8307
0
0
0
0
0
5539
5685
4461
4349
694
436
0
0
1030
787
0
12422
12166
16150
4415
4542
0
4023
7749
774
0
0
3079
0
2869
3742
14548
1176
0
0
0
0
0
0
0
0
1057
0
6886
0
0
2945
12049
18064
24403
271
582
0
0
0
19316
9183
0
1658
18609
0
0
0
7597
9209
638
117
13669
19514
2238
0
709
5612
1197
3551
1518
3660
0
2242
12847
0
14138
7153
8289
0
10674
10086
5197
151
0
21241
2070
1888
10625
15239
12672
2415
0
13072
6118
7676
6482
9016
0
4045
3040
4732
3079
955
0
7346
17090
1968
694
0
5100
5947
7997
5090
4259
7016
7520
0
0
0
14001
3085
0
0
4532
0
6777
94
2234
2869
0
188
311
11344
0
0
0
3330
12158
13343
12004
7479
9204
19064
7767
0
6674
0
0
1163
7858
820
2417
0
6295
2953
0
13588
16298
3343
7202
14581
15036
5999
3231
15598
4228
3154
1524
0
0
0
0
0
0
0
0
0
0
1094
3085
3085
0
2522
0
15259
0
0
0
7840
2590
7707
4262
6967
0
2913
6262
5677
13863
0
363
0
0
0
1598
0
0
0
1815
29
1816
0
0
7999
2568
0
1485
6309
4574
6387
2426
0
0
0
16368
30221
9390
9345
5957
19051
20379
7534
0
2406
29
2085
24965
15573
8754
156
18851
8228
4594
0
5642
8203
2188
8011
0
0
718
7606
5117
3791
11361
5481
414
776
11511
8176
9618
4627
1485
0
0
490
7768
3871
618
68
16274
0
0
0
2775
5299
176
17251
15739
2879
14278
2168
0
1281
9833
11752
3384
0
6016
16073
14364
19468
5432
3715
8850
4586
10579
15970
807
10064
0
6593
3279
8959
7049
3328
0
0
6534
675
94
0
0
8224
5487
28528
5204
7073
0
0
0
2581
0
4412
2347
22092
43
5167
7171
1037
2066
0
0
2325
12642
7756
3126
1208
0
2771
10726
195
0
10533
131
10533
7842
10727
9385
10540
1642
5380
2581
16923
79
14086
1126
0
1492
626
19808
5365
7424
7488
14492
3152
0
1716
5526
15248
4195
0
4775
0
2663
2941
0
1914
0
0
10015
6083
0
225
0
5682
5674
13486
0
2308
4306
3383
587
0
6331
0
0
3851
310
10520
23971
17549
4732
7893
14424
7854
2503
2404
8835
10562
418
2673
14184
14597
8317
10228
16192
11582
2154
3080
5505
6641
2572
6272
3340
0
8257
23918
8744
719
644
90
9466
10461
0
0
9259
13383
4111
1078
0
0
4708
3671
5625
2494
0
4597
8809
1856
6726
12426
20591
10619
0
2236
856
22702
323
0
3879
2623
11338
0
10998
1737
0
0
0
0
0
386
692
385
16952
8060
7278
0
579
8188
7098
0
15725
2197
6074
0
4157
0
2911
4493
3326
2485
3658
0
2906
0
10043
1853
0
0
3821
12071
17467
22872
16611
0
0
3247
0
1339
5834
0
0
10721
2602
10694
4332
2564
3518
794
596
0
0
27507
7510
3376
1523
1704
0
0
0
2317
0
3466
1512
0
2917
2518
2518
4849
17880
8295
8796
400
2083
1436
10674
4128
2465
2463
4
2798
3589
1435
16789
25819
0
4218
195
6285
2293
10594
0
3908
13137
31161
2206
0
16543
5033
0
6947
377
2813
0
5744
8768
4708
9693
12416
4753
0
15485
11739
1250
18881
2583
0
13632
20630
17017
5927
0
328
11370
1834
3003
11307
2894
4662
0
2160
3353
16564
15992
6856
11305
7330
3286
891
3508
34
6399
13379
1021
0
0
0
0
3103
1540
93
9246
0
1727
3360
23013
7662
14935
3778
3234
8297
0
0
0
22072
663
3451
0
2612
18253
595
8557
0
0
0
0
6746
8317
11228
3163
675
4638
4814
5989
8287
18832
6211
10513
5983
11214
4063
6036
211
2047
2491
10108
15222
14677
1850
570
0
571
0
0
4018
2489
13098
11595
1248
8442
2468
8125
79
7151
6547
16050
13698
5954
5550
3885
1573
13922
16190
2019
2143
14641
7145
21046
10144
11318
5234
377
8282
0
0
0
1600
1958
0
6355
0
0
9927
10355
813
8551
10183
5015
10822
13848
6801
2001
0
4958
2133
3875
8934
0
2213
0
225
0
6844
11471
5888
0
6769
12301
0
0
0
430
8517
0
370
0
5731
20579
875
6740
3927
274
0
7201
6360
4570
7520
11780
1674
3988
8687
7620
1306
9938
10254
18152
0
2303
1034
0
0
0
0
3313
0
4604
128
2523
19882
2411
3263
15820
16426
3503
1403
719
4268
6071
4161
0
1240
1467
11140
8382
13912
0
1662
3096
2766
11894
292
20039
7847
11633
9934
2228
2871
0
4491
9808
0
550
5436
10526
20122
1042
16106
5323
2844
4860
0
0
3329
0
8303
1719
27618
678
2004
23404
0
0
1564
4092
1808
7151
0
8680
1588
0
645
0
1190
0
0
0
0
1053
0
5016
8657
5324
2946
883
18217
23623
8515
6783
4144
4655
21737
9400
141
14960
16441
0
16328
15855
15813
416
12197
16897
9288
14642
3579
10720
0
1117
0
6056
6055
151
5735
5332
15820
10789
1151
4560
2304
0
2442
6900
4344
5711
398
11682
286
0
1131
0
477
4561
12068
15306
4401
3118
11854
18470
367
336
7394
19648
4887
2549
4454
4145
0
19052
3872
7564
20973
7601
1227
0
16311
1363
0
0
1711
0
0
5197
2932
6457
4703
7718
22574
1674
578
0
1891
853
11206
574
15607
2117
2566
0
2566
2789
3914
789
6484
6975
0
0
0
122
6233
6418
6418
11501
4409
0
0
1256
511
2650
7671
1966
5597
4363
5658
7484
0
14598
15722
0
0
4021
919
30
1403
1403
8802
12560
1384
3870
12734
1010
13054
10355
7188
11990
0
0
0
1608
69
5070
3177
806
121
15028
14390
0
968
0
9500
16022
9767
769
2167
20777
6809
3170
7996
2554
304
8986
9784
8724
24526
0
16976
0
3109
437
5227
10338
0
0
0
0
0
0
8152
10209
3476
13083
10751
0
2290
2984
4888
8494
20563
5643
1590
7950
11863
0
21435
11106
21482
820
13833
5324
1724
513
512
6705
14282
13230
0
19736
15153
3031
2082
0
12744
20785
790
15743
5693
17755
74
4673
159
10962
0
1319
0
61
1215
0
0
0
0
2049
10072
3131
16840
1409
6558
2616
11063
10623
10640
7949
7818
14953
11353
0
0
0
0
19693
0
0
0
4447
365
0
1811
1810
3175
5707
6167
2831
1621
19714
9348
6900
0
2881
0
3808
10209
0
9506
1034
11482
9926
17261
22783
2251
3267
0
557
6969
0
323
2235
8822
6859
5742
11893
0
0
0
0
0
0
0
8289
0
265
10495
5579
5849
0
3116
6709
12817
20893
15350
13980
2457
15962
19081
3725
6146
18605
20132
2288
22730
17612
14259
6871
1855
545
0
43
1974
857
1631
0
18528
12046
2927
5410
20845
3434
5835
2606
7611
0
0
0
1648
6667
181
0
7589
29
1506
12626
12272
20034
7089
0
4078
0
2134
0
9039
3870
6939
10925
11022
20409
6692
3186
6286
3276
7882
17673
1700
1841
8436
1279
22686
0
2636
1911
4730
8116
0
12296
13449
6913
7579
5706
17859
8776
22552
10328
0
20375
6463
2171
0
5155
0
0
771
17400
8087
8683
2248
930
0
9582
6767
11200
8899
0
4765
9276
0
0
6730
6959
6731
3993
0
16744
3636
14071
9837
6088
3819
0
0
10359
3247
13664
0
0
7370
14056
2951
13007
3864
0
1420
4101
1723
1794
0
9709
1010
2262
18745
2588
0
1491
7143
678
2102
13067
0
0
0
530
1675
0
12203
5978
1242
20967
7375
4957
11109
0
0
2467
19095
4058
23356
12512
0
636
0
570
7632
0
8184
2541
7926
6422
6331
3738
0
8386
126
2830
2644
7966
475
2937
2829
11612
15493
20182
6424
874
12294
14097
10969
8801
7436
0
7056
10890
7368
0
6034
0
9817
2488
5872
18410
2183
2967
23547
1493
11016
19413
3858
18460
7722
1619
124
0
6016
11315
639
9046
0
0
1618
3854
5903
1231
4784
8423
790
2867
9034
3095
11948
8644
0
0
0
8126
5134
17920
16802
16850
510
7108
0
1326
562
451
10373
14915
208
5164
11002
1404
1094
0
0
0
13984
45
17284
18346
4612
6620
0
0
2119
13339
0
2116
6282
21575
0
14386
985
2933
3053
455
21660
1016
6533
13473
1942
0
4820
0
0
760
402
8555
4672
0
0
6912
3122
19387
0
4371
3222
429
6508
5575
382
0
6309
6058
4760
2967
1629
0
0
0
0
0
23
0
0
0
828
2707
18182
7812
2499
5545
0
0
0
1353
3649
11090
1643
3216
747
4397
9050
8343
8418
1335
9040
12191
12103
6409
4615
1882
364
15054
1275
947
13691
20244
4398
5882
5882
21218
12269
15908
1893
2548
0
0
2468
1245
17079
0
21690
7213
4067
5638
12949
6254
3181
1264
3922
2369
360
4938
20160
2172
16647
8355
15411
13729
17352
7433
12397
5659
797
2877
7187
4391
6627
5739
2771
22484
0
10842
0
17376
5404
11385
858
0
0
0
0
0
0
2131
0
1912
11495
4793
10178
2513
18966
17053
3292
8430
507
5966
8700
11622
1204
17229
1580
1135
13276
12354
1037
3280
11160
6942
13890
0
997
394
0
0
0
0
1819
1550
2512
2814
7153
0
11421
0
0
0
4743
1218
17915
8341
11339
23069
1654
1674
7894
0
8513
1961
5395
4784
2521
4053
2061
17255
0
0
14806
20050
766
1725
19675
6045
0
2533
1522
0
0
0
0
0
388
388
0
9027
6618
8709
373
0
0
5799
0
728
0
3978
0
0
0
0
0
0
1509
5193
19275
13149
3216
2015
1982
1933
7286
0
0
198
19752
12029
14957
6604
11112
10625
10140
5402
3699
3077
9272
0
0
1722
0
2510
10569
6390
1065
3496
0
2056
1426
22203
8575
6954
0
4191
3709
596
5909
983
983
0
0
1789
0
2681
10980
3508
470
15091
14399
1222
4295
8003
4700
4940
1689
3955
2398
6987
14541
14416
7923
18260
0
7352
6546
5613
327
0
14165
0
440
3343
0
0
0
0
11200
0
6718
3968
0
0
4025
8372
570
12793
15004
0
6026
962
6881
6660
2015
1952
5743
6183
9836
9459
1635
7444
1271
5331
6695
17767
19190
731
25136
0
16172
2384
13840
5066
1074
14155
392
1114
0
1485
10813
6705
3012
1747
6592
12147
16442
17179
2478
12335
10976
19121
0
14149
1401
0
0
11489
15033
19210
14985
8072
7772
0
343
10617
16336
0
0
886
6497
0
0
0
0
0
0
0
0
0
1875
0
2627
3979
3644
1439
0
0
0
1035
0
2179
0
0
0
0
9207
7459
0
4130
6965
6081
1717
0
6254
10122
0
22455
5042
9115
5800
7740
2730
1920
0
1467
0
0
2079
780
13722
5352
16944
10457
929
0
0
0
0
0
0
0
0
0
126
0
0
0
3610
800
0
0
0
0
0
1930
0
0
45
0
0
0
0
0
7699
7073
3670
2305
1447
1756
2708
1512
558
11065
14590
8404
3684
2681
23431
14159
17264
2980
7049
5235
11366
7372
8819
0
5243
22614
19865
6422
0
1003
1551
3245
7670
1086
6056
9503
11482
9503
0
133
3537
1819
3685
6036
489
5909
3373
527
146
0
0
0
10244
0
3518
6710
9271
1186
719
26937
5853
2645
5114
1878
0
221
4015
3409
9820
13970
23230
21640
2634
0
0
0
996
0
2040
0
3217
18438
2582
13009
19379
9754
0
0
948
0
0
3674
1073
1985
0
12273
7859
3875
2121
6524
0
0
0
0
0
8265
2952
8634
403
0
1243
1136
11434
1212
2214
0
22034
3833
10178
15805
3305
0
0
6961
0
12082
11716
0
1130
16559
18179
9207
0
6491
0
0
2293
0
0
0
0
0
12799
14429
4062
9556
10734
0
1398
2789
2576
0
3953
0
3680
3643
0
0
0
1592
0
1122
1171
14692
0
766
12200
7034
4052
9485
15025
10869
3223
0
1531
224
0
0
25736
6933
2361
10609
19095
16092
23621
13162
5198
8817
11140
12439
15049
0
2100
0
1211
346
2501
4868
13335
4548
3693
5958
7777
677
9627
1177
13798
12945
1738
0
0
1192
6707
3987
3246
2294
1490
0
3236
82
3079
3417
15012
9151
4825
0
12834
9195
2806
13240
13584
5604
15762
9449
3809
0
6806
3055
0
0
0
10739
6787
23182
845
0
17011
6572
4248
0
0
1321
22963
290
3940
7098
4584
9751
0
0
1538
7712
12900
0
0
0
0
0
1936
1938
1939
1940
2364
0
17095
12076
11157
0
15736
8952
0
5351
17077
6005
0
0
11052
4314
0
0
614
2254
3167
17136
2
12138
10988
2109
0
20762
3786
10510
1261
1037
6087
17945
0
5890
15008
11004
7908
10315
275
3829
4672
0
0
5268
0
0
7471
2385
9257
20832
7431
12927
11845
0
793
19361
0
11918
15290
24612
1010
4499
0
1187
9504
0
1872
7493
2232
2041
0
3403
13977
1477
11919
15276
3273
0
8493
0
0
0
7525
2587
313
76
0
4229
0
0
2317
0
2444
3768
381
5236
0
8352
15224
0
0
0
5426
3754
8844
941
13418
1032
7369
1061
435
3422
332
4712
8573
7299
21227
382
0
2352
3495
1178
1059
1731
3499
0
12235
11567
2905
6727
9066
1216
8058
13450
13595
6431
15225
1429
2627
1173
2991
0
0
6081
0
0
0
0
