1159
1205
0
1255
1285
1263
575
0
1296
0
0
0
0
0
0
1171
0
0
1241
0
0
0
0
0
0
0
0
1195
0
521
0
0
0
1259
950
157
0
1278
0
0
1250
1299
0
0
0
0
0
0
0
1279
0
0
1184
22
1175
1175
0
1283
0
0
0
0
0
0
1266
1251
0
920
0
0
0
0
1236
0
1215
1288
1265
0
0
0
1269
238
862
0
0
1225
0
1225
0
1291
1282
1308
610
0
0
0
1225
1227
0
1225
0
0
665
1279
0
0
1279
0
0
0
1273
0
1279
0
0
0
0
1215
0
0
0
0
0
0
0
0
0
0
922
1124
1269
0
1249
1215
0
0
1283
0
0
0
0
945
0
0
0
563
0
0
1320
1298
0
0
1281
0
992
887
1281
1276
0
0
0
1253
1253
0
0
0
0
1261
0
0
0
0
0
1276
0
0
1176
0
1249
0
1273
1254
0
0
0
1176
1264
1215
1176
449
0
0
1273
0
0
0
0
1176
0
0
0
0
219
0
997
943
1252
0
1173
0
0
0
0
0
1294
1250
0
1293
1261
0
0
0
0
394
0
0
806
0
0
13
0
1277
0
1267
1250
0
0
1176
0
1276
0
0
0
0
595
1176
0
0
0
0
0
0
0
0
0
0
0
0
1271
0
0
792
0
907
1234
0
1266
0
0
1278
336
1268
0
1268
0
0
0
0
0
0
0
0
0
1273
1273
0
0
0
0
1293
0
0
352
0
0
793
0
0
1278
0
0
1278
1244
1259
0
0
0
534
0
0
1288
0
738
0
1273
0
1170
0
0
1275
0
0
0
1247
1194
0
0
0
0
0
1273
0
0
0
1294
0
1252
0
0
0
0
538
0
0
0
5
1266
0
1275
1273
1243
0
0
0
1195
1170
0
1252
1247
216
0
0
0
0
0
0
0
1283
0
0
1241
0
1272
938
0
0
0
1252
0
1252
0
460
0
1129
0
1170
0
0
1279
0
1216
0
0
0
1306
1282
0
536
0
1247
0
1344
0
0
0
1274
0
1238
0
0
0
0
1321
0
0
0
0
0
0
0
0
0
0
0
0
1276
0
0
0
0
0
1270
1274
0
1276
1255
1208
1233
0
0
0
123
0
1184
0
1219
1261
0
0
0
0
0
0
0
0
1247
0
0
0
0
0
0
1261
0
1292
1256
0
0
1212
1233
0
0
0
0
0
0
1212
0
0
0
